2023-04-01 13:09:03.564 [info] Added views:workbench.panel.markers.view in workbench.panel.markers
2023-04-01 13:09:03.564 [info] Added views:workbench.panel.output in workbench.panel.output
2023-04-01 13:09:03.564 [info] Added views:terminal in terminal
2023-04-01 13:09:03.564 [info] Added views:outline in workbench.view.explorer
2023-04-01 13:09:03.564 [info] Added views:workbench.scm in workbench.view.scm
2023-04-01 13:09:03.564 [info] Added views:workbench.view.search in workbench.view.search
2023-04-01 13:09:03.564 [info] Added views:timeline in workbench.view.explorer
2023-04-01 13:09:03.564 [info] Added views:workbench.explorer.emptyView in workbench.view.explorer
2023-04-01 13:09:03.781 [info] Added views:workbench.debug.welcome in workbench.view.debug
2023-04-01 13:09:04.242 [info] Added views:workbench.panel.repl.view in workbench.panel.repl
2023-04-01 13:09:21.166 [info] Added views:workbench.panel.markers.view in workbench.panel.markers
2023-04-01 13:09:21.166 [info] Added views:workbench.panel.output in workbench.panel.output
2023-04-01 13:09:21.166 [info] Added views:terminal in terminal
2023-04-01 13:09:21.166 [info] Added views:outline in workbench.view.explorer
2023-04-01 13:09:21.166 [info] Added views:workbench.scm in workbench.view.scm
2023-04-01 13:09:21.166 [info] Added views:workbench.view.search in workbench.view.search
2023-04-01 13:09:21.166 [info] Added views:timeline in workbench.view.explorer
2023-04-01 13:09:21.166 [info] Added views:workbench.explorer.fileView in workbench.view.explorer
2023-04-01 13:09:21.363 [info] Added views:workbench.debug.welcome in workbench.view.debug
2023-04-01 13:09:21.580 [info] Added views:thunder-client-sidebar in workbench.view.extension.thunder-client
2023-04-01 13:09:22.397 [info] Added views:workbench.panel.repl.view in workbench.panel.repl
