2023-04-01 17:28:21.285 [info] Log level: Info
2023-04-01 17:28:21.285 [info] Validating found git in: "git"
2023-04-01 17:28:21.285 [info] Using git "2.40.0" from "git"
2023-04-01 17:28:21.285 [info] > git rev-parse --show-toplevel [7ms]
2023-04-01 17:28:21.285 [info] > git rev-parse --git-dir --git-common-dir [1ms]
2023-04-01 17:28:21.285 [info] Open repository: /home/hellsing/Development/react-dashboard
2023-04-01 17:28:21.285 [info] > git rev-parse --show-toplevel [8ms]
2023-04-01 17:28:21.285 [info] > git config --get commit.template [7ms]
2023-04-01 17:28:21.285 [info] > git rev-parse --show-toplevel [3ms]
2023-04-01 17:28:21.285 [info] > git rev-parse --show-toplevel [7ms]
2023-04-01 17:28:21.285 [info] > git for-each-ref --format=%(refname)%00%(upstream:short)%00%(objectname)%00%(upstream:track)%00%(upstream:remotename)%00%(upstream:remoteref) refs/heads/master refs/remotes/master [3ms]
2023-04-01 17:28:21.285 [info] > git status -z -uall [3ms]
2023-04-01 17:28:21.286 [info] > git config --get commit.template [7ms]
2023-04-01 17:28:21.286 [info] > git for-each-ref --format=%(refname)%00%(upstream:short)%00%(objectname)%00%(upstream:track)%00%(upstream:remotename)%00%(upstream:remoteref) refs/heads/master refs/remotes/master [2ms]
2023-04-01 17:28:21.286 [info] > git status -z -uall [2ms]
2023-04-01 17:28:21.731 [info] > git check-ignore -v -z --stdin [2ms]
2023-04-01 17:28:22.466 [info] > git show --textconv :src/data/mockData.js [8ms]
2023-04-01 17:28:22.469 [info] > git ls-files --stage -- /home/hellsing/Development/react-dashboard/src/data/mockData.js [2ms]
2023-04-01 17:28:22.478 [info] > git cat-file -s 31303549af6e27f72a5e6f62c9567bc91e18244a [2ms]
2023-04-01 18:25:57.900 [info] > git show --textconv :src/components/RadarChart.jsx [6ms]
2023-04-01 18:25:57.900 [info] > git ls-files --stage -- /home/hellsing/Development/react-dashboard/src/components/RadarChart.jsx [1ms]
2023-04-01 18:25:57.906 [info] > git cat-file -s b576617f8c60f2fbcef78b77c36af6d0bee4752d [1ms]
2023-04-01 18:26:48.780 [info] > git config --get commit.template [2ms]
2023-04-01 18:26:48.788 [info] > git for-each-ref --format=%(refname)%00%(upstream:short)%00%(objectname)%00%(upstream:track)%00%(upstream:remotename)%00%(upstream:remoteref) refs/heads/master refs/remotes/master [1ms]
2023-04-01 18:26:48.796 [info] > git status -z -uall [1ms]
2023-04-01 18:28:02.183 [info] > git config --get commit.template [1ms]
2023-04-01 18:28:02.191 [info] > git for-each-ref --format=%(refname)%00%(upstream:short)%00%(objectname)%00%(upstream:track)%00%(upstream:remotename)%00%(upstream:remoteref) refs/heads/master refs/remotes/master [2ms]
2023-04-01 18:28:02.200 [info] > git status -z -uall [3ms]
2023-04-01 18:29:57.730 [info] > git config --get commit.template [9ms]
2023-04-01 18:29:57.731 [info] > git for-each-ref --format=%(refname)%00%(upstream:short)%00%(objectname)%00%(upstream:track)%00%(upstream:remotename)%00%(upstream:remoteref) refs/heads/master refs/remotes/master [2ms]
2023-04-01 18:29:57.742 [info] > git status -z -uall [3ms]
2023-04-01 18:30:45.765 [info] > git config --get commit.template [8ms]
2023-04-01 18:30:45.766 [info] > git for-each-ref --format=%(refname)%00%(upstream:short)%00%(objectname)%00%(upstream:track)%00%(upstream:remotename)%00%(upstream:remoteref) refs/heads/master refs/remotes/master [1ms]
2023-04-01 18:30:45.776 [info] > git status -z -uall [2ms]
2023-04-01 18:33:14.843 [info] > git config --get commit.template [7ms]
2023-04-01 18:33:14.844 [info] > git for-each-ref --format=%(refname)%00%(upstream:short)%00%(objectname)%00%(upstream:track)%00%(upstream:remotename)%00%(upstream:remoteref) refs/heads/master refs/remotes/master [2ms]
2023-04-01 18:33:14.851 [info] > git status -z -uall [1ms]
2023-04-01 18:33:21.046 [info] > git config --get commit.template [8ms]
2023-04-01 18:33:21.047 [info] > git for-each-ref --format=%(refname)%00%(upstream:short)%00%(objectname)%00%(upstream:track)%00%(upstream:remotename)%00%(upstream:remoteref) refs/heads/master refs/remotes/master [2ms]
2023-04-01 18:33:21.058 [info] > git status -z -uall [3ms]
2023-04-02 01:55:16.015 [info] > git check-ignore -v -z --stdin [2ms]
2023-04-02 01:55:16.894 [info] > git show --textconv :src/scenes/team/index.jsx [13ms]
2023-04-02 01:55:16.895 [info] > git ls-files --stage -- /home/hellsing/Development/react-dashboard/src/scenes/team/index.jsx [2ms]
2023-04-02 01:55:16.907 [info] > git cat-file -s bb94b4863a9dca459c78fb8360970a2887ceec62 [2ms]
2023-04-02 01:58:26.400 [info] > git config --get commit.template [15ms]
2023-04-02 01:58:26.401 [info] > git for-each-ref --format=%(refname)%00%(upstream:short)%00%(objectname)%00%(upstream:track)%00%(upstream:remotename)%00%(upstream:remoteref) refs/heads/master refs/remotes/master [2ms]
2023-04-02 01:58:26.415 [info] > git status -z -uall [2ms]
2023-04-02 01:59:38.811 [info] > git config --get commit.template [11ms]
2023-04-02 01:59:38.811 [info] > git for-each-ref --format=%(refname)%00%(upstream:short)%00%(objectname)%00%(upstream:track)%00%(upstream:remotename)%00%(upstream:remoteref) refs/heads/master refs/remotes/master [2ms]
2023-04-02 01:59:38.824 [info] > git status -z -uall [2ms]
2023-04-02 02:00:04.348 [info] > git config --get commit.template [11ms]
2023-04-02 02:00:04.349 [info] > git for-each-ref --format=%(refname)%00%(upstream:short)%00%(objectname)%00%(upstream:track)%00%(upstream:remotename)%00%(upstream:remoteref) refs/heads/master refs/remotes/master [2ms]
2023-04-02 02:00:04.361 [info] > git status -z -uall [2ms]
2023-04-02 02:06:03.178 [info] > git config --get commit.template [10ms]
2023-04-02 02:06:03.179 [info] > git for-each-ref --format=%(refname)%00%(upstream:short)%00%(objectname)%00%(upstream:track)%00%(upstream:remotename)%00%(upstream:remoteref) refs/heads/master refs/remotes/master [2ms]
2023-04-02 02:06:03.191 [info] > git status -z -uall [3ms]
2023-04-02 02:11:42.313 [info] > git config --get commit.template [9ms]
2023-04-02 02:11:42.314 [info] > git for-each-ref --format=%(refname)%00%(upstream:short)%00%(objectname)%00%(upstream:track)%00%(upstream:remotename)%00%(upstream:remoteref) refs/heads/master refs/remotes/master [2ms]
2023-04-02 02:11:42.328 [info] > git status -z -uall [2ms]
2023-04-02 02:12:03.804 [info] > git config --get commit.template [15ms]
2023-04-02 02:12:03.806 [info] > git for-each-ref --format=%(refname)%00%(upstream:short)%00%(objectname)%00%(upstream:track)%00%(upstream:remotename)%00%(upstream:remoteref) refs/heads/master refs/remotes/master [2ms]
2023-04-02 02:12:03.820 [info] > git status -z -uall [4ms]
2023-04-02 02:13:13.404 [info] > git config --get commit.template [11ms]
2023-04-02 02:13:13.405 [info] > git for-each-ref --format=%(refname)%00%(upstream:short)%00%(objectname)%00%(upstream:track)%00%(upstream:remotename)%00%(upstream:remoteref) refs/heads/master refs/remotes/master [2ms]
2023-04-02 02:13:13.419 [info] > git status -z -uall [4ms]
2023-04-02 02:13:29.488 [info] > git config --get commit.template [11ms]
2023-04-02 02:13:29.489 [info] > git for-each-ref --format=%(refname)%00%(upstream:short)%00%(objectname)%00%(upstream:track)%00%(upstream:remotename)%00%(upstream:remoteref) refs/heads/master refs/remotes/master [2ms]
2023-04-02 02:13:29.499 [info] > git status -z -uall [1ms]
2023-04-02 03:42:03.845 [info] > git config --get commit.template [10ms]
2023-04-02 03:42:03.846 [info] > git for-each-ref --format=%(refname)%00%(upstream:short)%00%(objectname)%00%(upstream:track)%00%(upstream:remotename)%00%(upstream:remoteref) refs/heads/master refs/remotes/master [2ms]
2023-04-02 03:42:03.856 [info] > git status -z -uall [2ms]
2023-04-02 03:42:37.269 [info] > git config --get commit.template [6ms]
2023-04-02 03:42:37.270 [info] > git for-each-ref --format=%(refname)%00%(upstream:short)%00%(objectname)%00%(upstream:track)%00%(upstream:remotename)%00%(upstream:remoteref) refs/heads/master refs/remotes/master [1ms]
2023-04-02 03:42:37.277 [info] > git status -z -uall [1ms]
2023-04-02 03:42:37.330 [info] > git ls-files --stage -- /home/hellsing/Development/react-dashboard/src/components/RadarChart.jsx [6ms]
2023-04-02 03:42:37.335 [info] > git ls-files --stage -- /home/hellsing/Development/react-dashboard/src/data/mockData.js [18ms]
2023-04-02 03:42:37.342 [info] > git cat-file -s b576617f8c60f2fbcef78b77c36af6d0bee4752d [7ms]
2023-04-02 03:42:37.342 [info] > git ls-files --stage -- /home/hellsing/Development/react-dashboard/src/scenes/team/index.jsx [14ms]
2023-04-02 03:42:37.348 [info] > git cat-file -s 31303549af6e27f72a5e6f62c9567bc91e18244a [7ms]
2023-04-02 03:42:37.349 [info] > git cat-file -s bb94b4863a9dca459c78fb8360970a2887ceec62 [1ms]
2023-04-02 03:42:37.371 [info] > git show --textconv :src/components/RadarChart.jsx [10ms]
2023-04-02 03:42:37.372 [info] > git show --textconv :src/data/mockData.js [6ms]
2023-04-02 03:42:37.372 [info] > git show --textconv :src/scenes/team/index.jsx [1ms]
2023-04-02 03:45:24.208 [info] > git config --get commit.template [10ms]
2023-04-02 03:45:24.210 [info] > git for-each-ref --format=%(refname)%00%(upstream:short)%00%(objectname)%00%(upstream:track)%00%(upstream:remotename)%00%(upstream:remoteref) refs/heads/master refs/remotes/master [2ms]
2023-04-02 03:45:24.217 [info] > git status -z -uall [2ms]
2023-04-02 03:45:42.023 [info] > git config --get commit.template [9ms]
2023-04-02 03:45:42.024 [info] > git for-each-ref --format=%(refname)%00%(upstream:short)%00%(objectname)%00%(upstream:track)%00%(upstream:remotename)%00%(upstream:remoteref) refs/heads/master refs/remotes/master [2ms]
2023-04-02 03:45:42.034 [info] > git status -z -uall [1ms]
2023-04-02 03:49:34.114 [info] > git config --get commit.template [1ms]
2023-04-02 03:49:34.125 [info] > git for-each-ref --format=%(refname)%00%(upstream:short)%00%(objectname)%00%(upstream:track)%00%(upstream:remotename)%00%(upstream:remoteref) refs/heads/master refs/remotes/master [2ms]
2023-04-02 03:49:34.133 [info] > git status -z -uall [1ms]
2023-04-02 03:50:28.394 [info] > git config --get commit.template [6ms]
2023-04-02 03:50:28.395 [info] > git for-each-ref --format=%(refname)%00%(upstream:short)%00%(objectname)%00%(upstream:track)%00%(upstream:remotename)%00%(upstream:remoteref) refs/heads/master refs/remotes/master [1ms]
2023-04-02 03:50:28.406 [info] > git status -z -uall [2ms]
2023-04-02 04:00:36.093 [info] > git check-ignore -v -z --stdin [2ms]
2023-04-02 04:00:36.836 [info] > git show --textconv :src/scenes/dashboard/index.jsx [9ms]
2023-04-02 04:00:36.836 [info] > git ls-files --stage -- /home/hellsing/Development/react-dashboard/src/scenes/dashboard/index.jsx [1ms]
2023-04-02 04:00:36.844 [info] > git cat-file -s b57e8f78b8c3131827934f81ff7c289aff6cd307 [1ms]
2023-04-02 04:01:11.005 [info] > git config --get commit.template [11ms]
2023-04-02 04:01:11.007 [info] > git for-each-ref --format=%(refname)%00%(upstream:short)%00%(objectname)%00%(upstream:track)%00%(upstream:remotename)%00%(upstream:remoteref) refs/heads/master refs/remotes/master [3ms]
2023-04-02 04:01:11.015 [info] > git status -z -uall [1ms]
2023-04-02 04:02:30.292 [info] > git show --textconv :src/components/StatBox.jsx [10ms]
2023-04-02 04:02:30.293 [info] > git ls-files --stage -- /home/hellsing/Development/react-dashboard/src/components/StatBox.jsx [1ms]
2023-04-02 04:02:30.305 [info] > git cat-file -s b2b0493b1274138f28c8b1068a3887636eaf7124 [2ms]
2023-04-02 04:02:46.340 [info] > git show --textconv :src/scenes/global/Sidebar.jsx [8ms]
2023-04-02 04:02:46.341 [info] > git ls-files --stage -- /home/hellsing/Development/react-dashboard/src/scenes/global/Sidebar.jsx [2ms]
2023-04-02 04:02:46.352 [info] > git cat-file -s 03f1e4d27be09dce3be40bd258297126bb51cdc3 [2ms]
2023-04-02 04:03:56.572 [info] > git config --get commit.template [7ms]
2023-04-02 04:03:56.573 [info] > git for-each-ref --format=%(refname)%00%(upstream:short)%00%(objectname)%00%(upstream:track)%00%(upstream:remotename)%00%(upstream:remoteref) refs/heads/master refs/remotes/master [1ms]
2023-04-02 04:03:56.582 [info] > git status -z -uall [3ms]
2023-04-02 04:07:58.803 [info] > git config --get commit.template [8ms]
2023-04-02 04:07:58.804 [info] > git for-each-ref --format=%(refname)%00%(upstream:short)%00%(objectname)%00%(upstream:track)%00%(upstream:remotename)%00%(upstream:remoteref) refs/heads/master refs/remotes/master [2ms]
2023-04-02 04:07:58.814 [info] > git status -z -uall [3ms]
2023-04-02 04:08:39.085 [info] > git config --get commit.template [12ms]
2023-04-02 04:08:39.087 [info] > git for-each-ref --format=%(refname)%00%(upstream:short)%00%(objectname)%00%(upstream:track)%00%(upstream:remotename)%00%(upstream:remoteref) refs/heads/master refs/remotes/master [2ms]
2023-04-02 04:08:39.096 [info] > git status -z -uall [2ms]
2023-04-02 04:08:51.381 [info] > git config --get commit.template [1ms]
2023-04-02 04:08:51.391 [info] > git for-each-ref --format=%(refname)%00%(upstream:short)%00%(objectname)%00%(upstream:track)%00%(upstream:remotename)%00%(upstream:remoteref) refs/heads/master refs/remotes/master [1ms]
2023-04-02 04:08:51.404 [info] > git status -z -uall [2ms]
2023-04-02 04:11:42.910 [info] > git config --get commit.template [6ms]
2023-04-02 04:11:42.910 [info] > git for-each-ref --format=%(refname)%00%(upstream:short)%00%(objectname)%00%(upstream:track)%00%(upstream:remotename)%00%(upstream:remoteref) refs/heads/master refs/remotes/master [1ms]
2023-04-02 04:11:42.920 [info] > git status -z -uall [2ms]
2023-04-02 04:12:19.773 [info] > git config --get commit.template [8ms]
2023-04-02 04:12:19.774 [info] > git for-each-ref --format=%(refname)%00%(upstream:short)%00%(objectname)%00%(upstream:track)%00%(upstream:remotename)%00%(upstream:remoteref) refs/heads/master refs/remotes/master [1ms]
2023-04-02 04:12:19.785 [info] > git status -z -uall [3ms]
2023-04-02 04:14:02.400 [info] > git config --get commit.template [9ms]
2023-04-02 04:14:02.401 [info] > git for-each-ref --format=%(refname)%00%(upstream:short)%00%(objectname)%00%(upstream:track)%00%(upstream:remotename)%00%(upstream:remoteref) refs/heads/master refs/remotes/master [2ms]
2023-04-02 04:14:02.410 [info] > git status -z -uall [2ms]
2023-04-02 04:14:27.614 [info] > git config --get commit.template [9ms]
2023-04-02 04:14:27.615 [info] > git for-each-ref --format=%(refname)%00%(upstream:short)%00%(objectname)%00%(upstream:track)%00%(upstream:remotename)%00%(upstream:remoteref) refs/heads/master refs/remotes/master [1ms]
2023-04-02 04:14:27.624 [info] > git status -z -uall [1ms]
2023-04-02 04:14:39.091 [info] > git config --get commit.template [10ms]
2023-04-02 04:14:39.092 [info] > git for-each-ref --format=%(refname)%00%(upstream:short)%00%(objectname)%00%(upstream:track)%00%(upstream:remotename)%00%(upstream:remoteref) refs/heads/master refs/remotes/master [2ms]
2023-04-02 04:14:39.100 [info] > git status -z -uall [1ms]
2023-04-02 04:18:38.119 [info] > git config --get commit.template [9ms]
2023-04-02 04:18:38.120 [info] > git for-each-ref --format=%(refname)%00%(upstream:short)%00%(objectname)%00%(upstream:track)%00%(upstream:remotename)%00%(upstream:remoteref) refs/heads/master refs/remotes/master [2ms]
2023-04-02 04:18:38.128 [info] > git status -z -uall [2ms]
2023-04-02 04:19:32.764 [info] > git config --get commit.template [9ms]
2023-04-02 04:19:32.764 [info] > git for-each-ref --format=%(refname)%00%(upstream:short)%00%(objectname)%00%(upstream:track)%00%(upstream:remotename)%00%(upstream:remoteref) refs/heads/master refs/remotes/master [1ms]
2023-04-02 04:19:32.775 [info] > git status -z -uall [2ms]
2023-04-02 04:19:57.388 [info] > git config --get commit.template [9ms]
2023-04-02 04:19:57.389 [info] > git for-each-ref --format=%(refname)%00%(upstream:short)%00%(objectname)%00%(upstream:track)%00%(upstream:remotename)%00%(upstream:remoteref) refs/heads/master refs/remotes/master [2ms]
2023-04-02 04:19:57.397 [info] > git status -z -uall [1ms]
2023-04-02 04:20:09.457 [info] > git config --get commit.template [5ms]
2023-04-02 04:20:09.458 [info] > git for-each-ref --format=%(refname)%00%(upstream:short)%00%(objectname)%00%(upstream:track)%00%(upstream:remotename)%00%(upstream:remoteref) refs/heads/master refs/remotes/master [1ms]
2023-04-02 04:20:09.465 [info] > git status -z -uall [1ms]
2023-04-02 04:22:31.762 [info] > git config --get commit.template [9ms]
2023-04-02 04:22:31.763 [info] > git for-each-ref --format=%(refname)%00%(upstream:short)%00%(objectname)%00%(upstream:track)%00%(upstream:remotename)%00%(upstream:remoteref) refs/heads/master refs/remotes/master [1ms]
2023-04-02 04:22:31.771 [info] > git status -z -uall [1ms]
2023-04-02 04:23:24.533 [info] > git config --get commit.template [8ms]
2023-04-02 04:23:24.533 [info] > git for-each-ref --format=%(refname)%00%(upstream:short)%00%(objectname)%00%(upstream:track)%00%(upstream:remotename)%00%(upstream:remoteref) refs/heads/master refs/remotes/master [1ms]
2023-04-02 04:23:24.544 [info] > git status -z -uall [2ms]
2023-04-02 04:23:35.331 [info] > git config --get commit.template [8ms]
2023-04-02 04:23:35.332 [info] > git for-each-ref --format=%(refname)%00%(upstream:short)%00%(objectname)%00%(upstream:track)%00%(upstream:remotename)%00%(upstream:remoteref) refs/heads/master refs/remotes/master [2ms]
2023-04-02 04:23:35.339 [info] > git status -z -uall [1ms]
2023-04-02 04:24:04.517 [info] > git config --get commit.template [8ms]
2023-04-02 04:24:04.518 [info] > git for-each-ref --format=%(refname)%00%(upstream:short)%00%(objectname)%00%(upstream:track)%00%(upstream:remotename)%00%(upstream:remoteref) refs/heads/master refs/remotes/master [2ms]
2023-04-02 04:24:04.528 [info] > git status -z -uall [2ms]
2023-04-02 04:25:56.638 [info] > git config --get commit.template [8ms]
2023-04-02 04:25:56.638 [info] > git for-each-ref --format=%(refname)%00%(upstream:short)%00%(objectname)%00%(upstream:track)%00%(upstream:remotename)%00%(upstream:remoteref) refs/heads/master refs/remotes/master [2ms]
2023-04-02 04:25:56.645 [info] > git status -z -uall [1ms]
2023-04-02 04:25:57.374 [info] > git show --textconv :src/components/BarChart.jsx [9ms]
2023-04-02 04:25:57.375 [info] > git ls-files --stage -- /home/hellsing/Development/react-dashboard/src/components/BarChart.jsx [2ms]
2023-04-02 04:25:57.386 [info] > git cat-file -s 67250635bc763071241120d7dab028ffa0a0f6d9 [1ms]
2023-04-02 04:26:14.786 [info] > git config --get commit.template [11ms]
2023-04-02 04:26:14.787 [info] > git for-each-ref --format=%(refname)%00%(upstream:short)%00%(objectname)%00%(upstream:track)%00%(upstream:remotename)%00%(upstream:remoteref) refs/heads/master refs/remotes/master [1ms]
2023-04-02 04:26:14.795 [info] > git status -z -uall [1ms]
2023-04-02 04:26:32.880 [info] > git show --textconv :src/components/ProgressCircle.jsx [8ms]
2023-04-02 04:26:32.881 [info] > git ls-files --stage -- /home/hellsing/Development/react-dashboard/src/components/ProgressCircle.jsx [2ms]
2023-04-02 04:26:32.892 [info] > git cat-file -s 9233d55a78e66358ded7d93f4ba24830d2d39182 [2ms]
2023-04-02 04:28:50.223 [info] > git config --get commit.template [8ms]
2023-04-02 04:28:50.224 [info] > git for-each-ref --format=%(refname)%00%(upstream:short)%00%(objectname)%00%(upstream:track)%00%(upstream:remotename)%00%(upstream:remoteref) refs/heads/master refs/remotes/master [2ms]
2023-04-02 04:28:50.237 [info] > git status -z -uall [3ms]
2023-04-02 04:29:35.421 [info] > git config --get commit.template [8ms]
2023-04-02 04:29:35.422 [info] > git for-each-ref --format=%(refname)%00%(upstream:short)%00%(objectname)%00%(upstream:track)%00%(upstream:remotename)%00%(upstream:remoteref) refs/heads/master refs/remotes/master [2ms]
2023-04-02 04:29:35.431 [info] > git status -z -uall [2ms]
2023-04-02 04:29:55.266 [info] > git config --get commit.template [10ms]
2023-04-02 04:29:55.267 [info] > git for-each-ref --format=%(refname)%00%(upstream:short)%00%(objectname)%00%(upstream:track)%00%(upstream:remotename)%00%(upstream:remoteref) refs/heads/master refs/remotes/master [1ms]
2023-04-02 04:29:55.279 [info] > git status -z -uall [2ms]
2023-04-02 04:30:21.297 [info] > git config --get commit.template [9ms]
2023-04-02 04:30:21.297 [info] > git for-each-ref --format=%(refname)%00%(upstream:short)%00%(objectname)%00%(upstream:track)%00%(upstream:remotename)%00%(upstream:remoteref) refs/heads/master refs/remotes/master [1ms]
2023-04-02 04:30:21.306 [info] > git status -z -uall [2ms]
2023-04-02 04:31:29.365 [info] > git config --get commit.template [2ms]
2023-04-02 04:31:29.376 [info] > git for-each-ref --format=%(refname)%00%(upstream:short)%00%(objectname)%00%(upstream:track)%00%(upstream:remotename)%00%(upstream:remoteref) refs/heads/master refs/remotes/master [1ms]
2023-04-02 04:31:29.387 [info] > git status -z -uall [3ms]
2023-04-02 04:32:06.432 [info] > git config --get commit.template [8ms]
2023-04-02 04:32:06.432 [info] > git for-each-ref --format=%(refname)%00%(upstream:short)%00%(objectname)%00%(upstream:track)%00%(upstream:remotename)%00%(upstream:remoteref) refs/heads/master refs/remotes/master [0ms]
2023-04-02 04:32:06.442 [info] > git status -z -uall [3ms]
2023-04-02 04:32:23.393 [info] > git config --get commit.template [9ms]
2023-04-02 04:32:23.394 [info] > git for-each-ref --format=%(refname)%00%(upstream:short)%00%(objectname)%00%(upstream:track)%00%(upstream:remotename)%00%(upstream:remoteref) refs/heads/master refs/remotes/master [2ms]
2023-04-02 04:32:23.404 [info] > git status -z -uall [2ms]
2023-04-02 04:32:29.680 [info] > git config --get commit.template [8ms]
2023-04-02 04:32:29.681 [info] > git for-each-ref --format=%(refname)%00%(upstream:short)%00%(objectname)%00%(upstream:track)%00%(upstream:remotename)%00%(upstream:remoteref) refs/heads/master refs/remotes/master [2ms]
2023-04-02 04:32:29.689 [info] > git status -z -uall [1ms]
2023-04-02 04:33:00.980 [info] > git config --get commit.template [8ms]
2023-04-02 04:33:00.981 [info] > git for-each-ref --format=%(refname)%00%(upstream:short)%00%(objectname)%00%(upstream:track)%00%(upstream:remotename)%00%(upstream:remoteref) refs/heads/master refs/remotes/master [1ms]
2023-04-02 04:33:00.990 [info] > git status -z -uall [1ms]
2023-04-02 04:33:10.999 [info] > git config --get commit.template [1ms]
2023-04-02 04:33:11.010 [info] > git for-each-ref --format=%(refname)%00%(upstream:short)%00%(objectname)%00%(upstream:track)%00%(upstream:remotename)%00%(upstream:remoteref) refs/heads/master refs/remotes/master [2ms]
2023-04-02 04:33:11.022 [info] > git status -z -uall [2ms]
2023-04-02 04:33:54.170 [info] > git config --get commit.template [8ms]
2023-04-02 04:33:54.170 [info] > git for-each-ref --format=%(refname)%00%(upstream:short)%00%(objectname)%00%(upstream:track)%00%(upstream:remotename)%00%(upstream:remoteref) refs/heads/master refs/remotes/master [1ms]
2023-04-02 04:33:54.182 [info] > git status -z -uall [2ms]
2023-04-02 04:34:22.655 [info] > git config --get commit.template [11ms]
2023-04-02 04:34:22.655 [info] > git for-each-ref --format=%(refname)%00%(upstream:short)%00%(objectname)%00%(upstream:track)%00%(upstream:remotename)%00%(upstream:remoteref) refs/heads/master refs/remotes/master [2ms]
2023-04-02 04:34:22.671 [info] > git status -z -uall [4ms]
2023-04-02 04:34:58.838 [info] > git config --get commit.template [0ms]
2023-04-02 04:34:58.846 [info] > git for-each-ref --format=%(refname)%00%(upstream:short)%00%(objectname)%00%(upstream:track)%00%(upstream:remotename)%00%(upstream:remoteref) refs/heads/master refs/remotes/master [1ms]
2023-04-02 04:34:58.858 [info] > git status -z -uall [3ms]
2023-04-02 04:35:35.513 [info] > git config --get commit.template [7ms]
2023-04-02 04:35:35.514 [info] > git for-each-ref --format=%(refname)%00%(upstream:short)%00%(objectname)%00%(upstream:track)%00%(upstream:remotename)%00%(upstream:remoteref) refs/heads/master refs/remotes/master [1ms]
2023-04-02 04:35:35.525 [info] > git status -z -uall [3ms]
2023-04-02 04:36:10.220 [info] > git config --get commit.template [9ms]
2023-04-02 04:36:10.221 [info] > git for-each-ref --format=%(refname)%00%(upstream:short)%00%(objectname)%00%(upstream:track)%00%(upstream:remotename)%00%(upstream:remoteref) refs/heads/master refs/remotes/master [2ms]
2023-04-02 04:36:10.233 [info] > git status -z -uall [3ms]
2023-04-02 04:48:53.593 [info] > git config --get commit.template [7ms]
2023-04-02 04:48:53.594 [info] > git for-each-ref --format=%(refname)%00%(upstream:short)%00%(objectname)%00%(upstream:track)%00%(upstream:remotename)%00%(upstream:remoteref) refs/heads/master refs/remotes/master [2ms]
2023-04-02 04:48:53.603 [info] > git status -z -uall [1ms]
2023-04-02 04:50:31.723 [info] > git config --get commit.template [8ms]
2023-04-02 04:50:31.723 [info] > git for-each-ref --format=%(refname)%00%(upstream:short)%00%(objectname)%00%(upstream:track)%00%(upstream:remotename)%00%(upstream:remoteref) refs/heads/master refs/remotes/master [1ms]
2023-04-02 04:50:31.732 [info] > git status -z -uall [1ms]
2023-04-02 04:50:44.048 [info] > git config --get commit.template [1ms]
2023-04-02 04:50:44.057 [info] > git for-each-ref --format=%(refname)%00%(upstream:short)%00%(objectname)%00%(upstream:track)%00%(upstream:remotename)%00%(upstream:remoteref) refs/heads/master refs/remotes/master [2ms]
2023-04-02 04:50:44.068 [info] > git status -z -uall [3ms]
2023-04-02 04:51:37.928 [info] > git config --get commit.template [7ms]
2023-04-02 04:51:37.929 [info] > git for-each-ref --format=%(refname)%00%(upstream:short)%00%(objectname)%00%(upstream:track)%00%(upstream:remotename)%00%(upstream:remoteref) refs/heads/master refs/remotes/master [1ms]
2023-04-02 04:51:37.937 [info] > git status -z -uall [1ms]
2023-04-02 04:53:42.042 [info] > git config --get commit.template [1ms]
2023-04-02 04:53:42.050 [info] > git for-each-ref --format=%(refname)%00%(upstream:short)%00%(objectname)%00%(upstream:track)%00%(upstream:remotename)%00%(upstream:remoteref) refs/heads/master refs/remotes/master [1ms]
2023-04-02 04:53:42.060 [info] > git status -z -uall [2ms]
2023-04-02 04:54:43.087 [info] > git config --get commit.template [3ms]
2023-04-02 04:54:43.098 [info] > git for-each-ref --format=%(refname)%00%(upstream:short)%00%(objectname)%00%(upstream:track)%00%(upstream:remotename)%00%(upstream:remoteref) refs/heads/master refs/remotes/master [2ms]
2023-04-02 04:54:43.110 [info] > git status -z -uall [1ms]
2023-04-02 04:54:56.640 [info] > git config --get commit.template [10ms]
2023-04-02 04:54:56.641 [info] > git for-each-ref --format=%(refname)%00%(upstream:short)%00%(objectname)%00%(upstream:track)%00%(upstream:remotename)%00%(upstream:remoteref) refs/heads/master refs/remotes/master [2ms]
2023-04-02 04:54:56.652 [info] > git status -z -uall [3ms]
2023-04-02 04:55:02.616 [info] > git config --get commit.template [6ms]
2023-04-02 04:55:02.617 [info] > git for-each-ref --format=%(refname)%00%(upstream:short)%00%(objectname)%00%(upstream:track)%00%(upstream:remotename)%00%(upstream:remoteref) refs/heads/master refs/remotes/master [1ms]
2023-04-02 04:55:02.626 [info] > git status -z -uall [3ms]
2023-04-02 04:55:31.563 [info] > git config --get commit.template [10ms]
2023-04-02 04:55:31.564 [info] > git for-each-ref --format=%(refname)%00%(upstream:short)%00%(objectname)%00%(upstream:track)%00%(upstream:remotename)%00%(upstream:remoteref) refs/heads/master refs/remotes/master [1ms]
2023-04-02 04:55:31.577 [info] > git status -z -uall [3ms]
2023-04-02 04:56:07.538 [info] > git config --get commit.template [9ms]
2023-04-02 04:56:07.540 [info] > git for-each-ref --format=%(refname)%00%(upstream:short)%00%(objectname)%00%(upstream:track)%00%(upstream:remotename)%00%(upstream:remoteref) refs/heads/master refs/remotes/master [3ms]
2023-04-02 04:56:07.547 [info] > git status -z -uall [1ms]
2023-04-02 04:56:22.628 [info] > git config --get commit.template [9ms]
2023-04-02 04:56:22.631 [info] > git for-each-ref --format=%(refname)%00%(upstream:short)%00%(objectname)%00%(upstream:track)%00%(upstream:remotename)%00%(upstream:remoteref) refs/heads/master refs/remotes/master [3ms]
2023-04-02 04:56:22.641 [info] > git status -z -uall [1ms]
2023-04-02 04:56:52.430 [info] > git config --get commit.template [10ms]
2023-04-02 04:56:52.431 [info] > git for-each-ref --format=%(refname)%00%(upstream:short)%00%(objectname)%00%(upstream:track)%00%(upstream:remotename)%00%(upstream:remoteref) refs/heads/master refs/remotes/master [2ms]
2023-04-02 04:56:52.444 [info] > git status -z -uall [4ms]
2023-04-02 04:57:04.662 [info] > git config --get commit.template [10ms]
2023-04-02 04:57:04.662 [info] > git for-each-ref --format=%(refname)%00%(upstream:short)%00%(objectname)%00%(upstream:track)%00%(upstream:remotename)%00%(upstream:remoteref) refs/heads/master refs/remotes/master [1ms]
2023-04-02 04:57:04.675 [info] > git status -z -uall [2ms]
2023-04-02 04:57:15.898 [info] > git config --get commit.template [1ms]
2023-04-02 04:57:15.908 [info] > git for-each-ref --format=%(refname)%00%(upstream:short)%00%(objectname)%00%(upstream:track)%00%(upstream:remotename)%00%(upstream:remoteref) refs/heads/master refs/remotes/master [0ms]
2023-04-02 04:57:15.919 [info] > git status -z -uall [3ms]
2023-04-02 04:57:49.157 [info] > git config --get commit.template [6ms]
2023-04-02 04:57:49.158 [info] > git for-each-ref --format=%(refname)%00%(upstream:short)%00%(objectname)%00%(upstream:track)%00%(upstream:remotename)%00%(upstream:remoteref) refs/heads/master refs/remotes/master [2ms]
2023-04-02 04:57:49.164 [info] > git status -z -uall [1ms]
2023-04-02 05:00:45.977 [info] > git config --get commit.template [1ms]
2023-04-02 05:00:45.986 [info] > git for-each-ref --format=%(refname)%00%(upstream:short)%00%(objectname)%00%(upstream:track)%00%(upstream:remotename)%00%(upstream:remoteref) refs/heads/master refs/remotes/master [1ms]
2023-04-02 05:00:46.000 [info] > git status -z -uall [3ms]
2023-04-02 05:01:10.728 [info] > git config --get commit.template [9ms]
2023-04-02 05:01:10.730 [info] > git for-each-ref --format=%(refname)%00%(upstream:short)%00%(objectname)%00%(upstream:track)%00%(upstream:remotename)%00%(upstream:remoteref) refs/heads/master refs/remotes/master [2ms]
2023-04-02 05:01:10.738 [info] > git status -z -uall [1ms]
2023-04-02 05:01:57.026 [info] > git config --get commit.template [7ms]
2023-04-02 05:01:57.026 [info] > git for-each-ref --format=%(refname)%00%(upstream:short)%00%(objectname)%00%(upstream:track)%00%(upstream:remotename)%00%(upstream:remoteref) refs/heads/master refs/remotes/master [1ms]
2023-04-02 05:01:57.033 [info] > git status -z -uall [1ms]
2023-04-02 05:02:39.497 [info] > git config --get commit.template [10ms]
2023-04-02 05:02:39.499 [info] > git for-each-ref --format=%(refname)%00%(upstream:short)%00%(objectname)%00%(upstream:track)%00%(upstream:remotename)%00%(upstream:remoteref) refs/heads/master refs/remotes/master [2ms]
2023-04-02 05:02:39.511 [info] > git status -z -uall [3ms]
2023-04-02 05:03:09.689 [info] > git config --get commit.template [9ms]
2023-04-02 05:03:09.690 [info] > git for-each-ref --format=%(refname)%00%(upstream:short)%00%(objectname)%00%(upstream:track)%00%(upstream:remotename)%00%(upstream:remoteref) refs/heads/master refs/remotes/master [1ms]
2023-04-02 05:03:09.697 [info] > git status -z -uall [1ms]
2023-04-02 05:03:17.580 [info] > git config --get commit.template [1ms]
2023-04-02 05:03:17.590 [info] > git for-each-ref --format=%(refname)%00%(upstream:short)%00%(objectname)%00%(upstream:track)%00%(upstream:remotename)%00%(upstream:remoteref) refs/heads/master refs/remotes/master [2ms]
2023-04-02 05:03:17.602 [info] > git status -z -uall [3ms]
2023-04-02 05:03:47.201 [info] > git config --get commit.template [9ms]
2023-04-02 05:03:47.201 [info] > git for-each-ref --format=%(refname)%00%(upstream:short)%00%(objectname)%00%(upstream:track)%00%(upstream:remotename)%00%(upstream:remoteref) refs/heads/master refs/remotes/master [0ms]
2023-04-02 05:03:47.210 [info] > git status -z -uall [2ms]
2023-04-02 05:04:05.499 [info] > git config --get commit.template [1ms]
2023-04-02 05:04:05.510 [info] > git for-each-ref --format=%(refname)%00%(upstream:short)%00%(objectname)%00%(upstream:track)%00%(upstream:remotename)%00%(upstream:remoteref) refs/heads/master refs/remotes/master [1ms]
2023-04-02 05:04:05.520 [info] > git status -z -uall [1ms]
2023-04-02 05:04:14.851 [info] > git config --get commit.template [7ms]
2023-04-02 05:04:14.851 [info] > git for-each-ref --format=%(refname)%00%(upstream:short)%00%(objectname)%00%(upstream:track)%00%(upstream:remotename)%00%(upstream:remoteref) refs/heads/master refs/remotes/master [1ms]
2023-04-02 05:04:14.861 [info] > git status -z -uall [2ms]
2023-04-02 05:07:18.038 [info] > git config --get commit.template [9ms]
2023-04-02 05:07:18.039 [info] > git for-each-ref --format=%(refname)%00%(upstream:short)%00%(objectname)%00%(upstream:track)%00%(upstream:remotename)%00%(upstream:remoteref) refs/heads/master refs/remotes/master [1ms]
2023-04-02 05:07:18.050 [info] > git status -z -uall [3ms]
2023-04-02 05:07:36.744 [info] > git config --get commit.template [2ms]
2023-04-02 05:07:36.754 [info] > git for-each-ref --format=%(refname)%00%(upstream:short)%00%(objectname)%00%(upstream:track)%00%(upstream:remotename)%00%(upstream:remoteref) refs/heads/master refs/remotes/master [2ms]
2023-04-02 05:07:36.760 [info] > git status -z -uall [1ms]
2023-04-02 05:07:42.587 [info] > git config --get commit.template [8ms]
2023-04-02 05:07:42.587 [info] > git for-each-ref --format=%(refname)%00%(upstream:short)%00%(objectname)%00%(upstream:track)%00%(upstream:remotename)%00%(upstream:remoteref) refs/heads/master refs/remotes/master [1ms]
2023-04-02 05:07:42.596 [info] > git status -z -uall [3ms]
2023-04-02 05:09:20.842 [info] > git config --get commit.template [9ms]
2023-04-02 05:09:20.843 [info] > git for-each-ref --format=%(refname)%00%(upstream:short)%00%(objectname)%00%(upstream:track)%00%(upstream:remotename)%00%(upstream:remoteref) refs/heads/master refs/remotes/master [1ms]
2023-04-02 05:09:20.851 [info] > git status -z -uall [1ms]
2023-04-02 05:11:49.852 [info] > git config --get commit.template [8ms]
2023-04-02 05:11:49.853 [info] > git for-each-ref --format=%(refname)%00%(upstream:short)%00%(objectname)%00%(upstream:track)%00%(upstream:remotename)%00%(upstream:remoteref) refs/heads/master refs/remotes/master [2ms]
2023-04-02 05:11:49.862 [info] > git status -z -uall [2ms]
2023-04-02 05:17:06.725 [info] > git config --get commit.template [10ms]
2023-04-02 05:17:06.726 [info] > git for-each-ref --format=%(refname)%00%(upstream:short)%00%(objectname)%00%(upstream:track)%00%(upstream:remotename)%00%(upstream:remoteref) refs/heads/master refs/remotes/master [2ms]
2023-04-02 05:17:06.738 [info] > git status -z -uall [2ms]
2023-04-02 05:17:54.717 [info] > git config --get commit.template [10ms]
2023-04-02 05:17:54.719 [info] > git for-each-ref --format=%(refname)%00%(upstream:short)%00%(objectname)%00%(upstream:track)%00%(upstream:remotename)%00%(upstream:remoteref) refs/heads/master refs/remotes/master [1ms]
2023-04-02 05:17:54.728 [info] > git status -z -uall [2ms]
2023-04-02 05:18:19.099 [info] > git config --get commit.template [10ms]
2023-04-02 05:18:19.100 [info] > git for-each-ref --format=%(refname)%00%(upstream:short)%00%(objectname)%00%(upstream:track)%00%(upstream:remotename)%00%(upstream:remoteref) refs/heads/master refs/remotes/master [2ms]
2023-04-02 05:18:19.112 [info] > git status -z -uall [2ms]
2023-04-02 05:18:33.379 [info] > git config --get commit.template [1ms]
2023-04-02 05:18:33.386 [info] > git for-each-ref --format=%(refname)%00%(upstream:short)%00%(objectname)%00%(upstream:track)%00%(upstream:remotename)%00%(upstream:remoteref) refs/heads/master refs/remotes/master [1ms]
2023-04-02 05:18:33.393 [info] > git status -z -uall [2ms]
2023-04-02 05:18:53.276 [info] > git config --get commit.template [1ms]
2023-04-02 05:18:53.284 [info] > git for-each-ref --format=%(refname)%00%(upstream:short)%00%(objectname)%00%(upstream:track)%00%(upstream:remotename)%00%(upstream:remoteref) refs/heads/master refs/remotes/master [1ms]
2023-04-02 05:18:53.290 [info] > git status -z -uall [1ms]
2023-04-02 05:33:14.110 [info] > git config --get commit.template [8ms]
2023-04-02 05:33:14.111 [info] > git for-each-ref --format=%(refname)%00%(upstream:short)%00%(objectname)%00%(upstream:track)%00%(upstream:remotename)%00%(upstream:remoteref) refs/heads/master refs/remotes/master [1ms]
2023-04-02 05:33:14.118 [info] > git status -z -uall [1ms]
2023-04-02 05:34:49.473 [info] > git config --get commit.template [10ms]
2023-04-02 05:34:49.475 [info] > git for-each-ref --format=%(refname)%00%(upstream:short)%00%(objectname)%00%(upstream:track)%00%(upstream:remotename)%00%(upstream:remoteref) refs/heads/master refs/remotes/master [2ms]
2023-04-02 05:34:49.484 [info] > git status -z -uall [2ms]
2023-04-02 05:36:25.285 [info] > git config --get commit.template [7ms]
2023-04-02 05:36:25.286 [info] > git for-each-ref --format=%(refname)%00%(upstream:short)%00%(objectname)%00%(upstream:track)%00%(upstream:remotename)%00%(upstream:remoteref) refs/heads/master refs/remotes/master [1ms]
2023-04-02 05:36:25.297 [info] > git status -z -uall [2ms]
2023-04-02 05:37:46.566 [info] > git config --get commit.template [10ms]
2023-04-02 05:37:46.567 [info] > git for-each-ref --format=%(refname)%00%(upstream:short)%00%(objectname)%00%(upstream:track)%00%(upstream:remotename)%00%(upstream:remoteref) refs/heads/master refs/remotes/master [1ms]
2023-04-02 05:37:46.577 [info] > git status -z -uall [3ms]
2023-04-02 05:40:08.691 [info] > git config --get commit.template [7ms]
2023-04-02 05:40:08.692 [info] > git for-each-ref --format=%(refname)%00%(upstream:short)%00%(objectname)%00%(upstream:track)%00%(upstream:remotename)%00%(upstream:remoteref) refs/heads/master refs/remotes/master [1ms]
2023-04-02 05:40:08.699 [info] > git status -z -uall [1ms]
2023-04-02 05:41:08.715 [info] > git config --get commit.template [1ms]
2023-04-02 05:41:08.725 [info] > git for-each-ref --format=%(refname)%00%(upstream:short)%00%(objectname)%00%(upstream:track)%00%(upstream:remotename)%00%(upstream:remoteref) refs/heads/master refs/remotes/master [1ms]
2023-04-02 05:41:08.734 [info] > git status -z -uall [1ms]
2023-04-02 05:41:55.498 [info] > git config --get commit.template [1ms]
2023-04-02 05:41:55.505 [info] > git for-each-ref --format=%(refname)%00%(upstream:short)%00%(objectname)%00%(upstream:track)%00%(upstream:remotename)%00%(upstream:remoteref) refs/heads/master refs/remotes/master [1ms]
2023-04-02 05:41:55.513 [info] > git status -z -uall [1ms]
2023-04-02 05:49:21.492 [info] > git config --get commit.template [6ms]
2023-04-02 05:49:21.492 [info] > git for-each-ref --format=%(refname)%00%(upstream:short)%00%(objectname)%00%(upstream:track)%00%(upstream:remotename)%00%(upstream:remoteref) refs/heads/master refs/remotes/master [1ms]
2023-04-02 05:49:21.502 [info] > git status -z -uall [2ms]
2023-04-02 05:50:33.958 [info] > git config --get commit.template [7ms]
2023-04-02 05:50:33.958 [info] > git for-each-ref --format=%(refname)%00%(upstream:short)%00%(objectname)%00%(upstream:track)%00%(upstream:remotename)%00%(upstream:remoteref) refs/heads/master refs/remotes/master [1ms]
2023-04-02 05:50:33.967 [info] > git status -z -uall [1ms]
2023-04-02 05:52:05.223 [info] > git config --get commit.template [7ms]
2023-04-02 05:52:05.224 [info] > git for-each-ref --format=%(refname)%00%(upstream:short)%00%(objectname)%00%(upstream:track)%00%(upstream:remotename)%00%(upstream:remoteref) refs/heads/master refs/remotes/master [1ms]
2023-04-02 05:52:05.231 [info] > git status -z -uall [1ms]
2023-04-02 05:52:28.840 [info] > git config --get commit.template [11ms]
2023-04-02 05:52:28.841 [info] > git for-each-ref --format=%(refname)%00%(upstream:short)%00%(objectname)%00%(upstream:track)%00%(upstream:remotename)%00%(upstream:remoteref) refs/heads/master refs/remotes/master [1ms]
2023-04-02 05:52:28.853 [info] > git status -z -uall [3ms]
2023-04-02 05:52:56.651 [info] > git config --get commit.template [1ms]
2023-04-02 05:52:56.660 [info] > git for-each-ref --format=%(refname)%00%(upstream:short)%00%(objectname)%00%(upstream:track)%00%(upstream:remotename)%00%(upstream:remoteref) refs/heads/master refs/remotes/master [1ms]
2023-04-02 05:52:56.667 [info] > git status -z -uall [1ms]
2023-04-02 05:53:41.228 [info] > git config --get commit.template [8ms]
2023-04-02 05:53:41.229 [info] > git for-each-ref --format=%(refname)%00%(upstream:short)%00%(objectname)%00%(upstream:track)%00%(upstream:remotename)%00%(upstream:remoteref) refs/heads/master refs/remotes/master [1ms]
2023-04-02 05:53:41.238 [info] > git status -z -uall [2ms]
2023-04-02 05:54:13.748 [info] > git config --get commit.template [8ms]
2023-04-02 05:54:13.749 [info] > git for-each-ref --format=%(refname)%00%(upstream:short)%00%(objectname)%00%(upstream:track)%00%(upstream:remotename)%00%(upstream:remoteref) refs/heads/master refs/remotes/master [2ms]
2023-04-02 05:54:13.757 [info] > git status -z -uall [2ms]
2023-04-02 05:56:02.604 [info] > git config --get commit.template [6ms]
2023-04-02 05:56:02.605 [info] > git for-each-ref --format=%(refname)%00%(upstream:short)%00%(objectname)%00%(upstream:track)%00%(upstream:remotename)%00%(upstream:remoteref) refs/heads/master refs/remotes/master [1ms]
2023-04-02 05:56:02.615 [info] > git status -z -uall [3ms]
2023-04-02 05:56:44.486 [info] > git config --get commit.template [10ms]
2023-04-02 05:56:44.487 [info] > git for-each-ref --format=%(refname)%00%(upstream:short)%00%(objectname)%00%(upstream:track)%00%(upstream:remotename)%00%(upstream:remoteref) refs/heads/master refs/remotes/master [1ms]
2023-04-02 05:56:44.499 [info] > git status -z -uall [2ms]
2023-04-02 05:56:52.761 [info] > git config --get commit.template [7ms]
2023-04-02 05:56:52.761 [info] > git for-each-ref --format=%(refname)%00%(upstream:short)%00%(objectname)%00%(upstream:track)%00%(upstream:remotename)%00%(upstream:remoteref) refs/heads/master refs/remotes/master [1ms]
2023-04-02 05:56:52.770 [info] > git status -z -uall [1ms]
2023-04-02 06:01:23.103 [info] > git config --get commit.template [11ms]
2023-04-02 06:01:23.104 [info] > git for-each-ref --format=%(refname)%00%(upstream:short)%00%(objectname)%00%(upstream:track)%00%(upstream:remotename)%00%(upstream:remoteref) refs/heads/master refs/remotes/master [2ms]
2023-04-02 06:01:23.114 [info] > git status -z -uall [1ms]
2023-04-02 06:09:51.460 [info] > git config --get commit.template [11ms]
2023-04-02 06:09:51.461 [info] > git for-each-ref --format=%(refname)%00%(upstream:short)%00%(objectname)%00%(upstream:track)%00%(upstream:remotename)%00%(upstream:remoteref) refs/heads/master refs/remotes/master [2ms]
2023-04-02 06:09:51.471 [info] > git status -z -uall [1ms]
2023-04-02 06:10:39.678 [info] > git config --get commit.template [9ms]
2023-04-02 06:10:39.679 [info] > git for-each-ref --format=%(refname)%00%(upstream:short)%00%(objectname)%00%(upstream:track)%00%(upstream:remotename)%00%(upstream:remoteref) refs/heads/master refs/remotes/master [1ms]
2023-04-02 06:10:39.690 [info] > git status -z -uall [3ms]
2023-04-02 06:12:03.399 [info] > git config --get commit.template [10ms]
2023-04-02 06:12:03.400 [info] > git for-each-ref --format=%(refname)%00%(upstream:short)%00%(objectname)%00%(upstream:track)%00%(upstream:remotename)%00%(upstream:remoteref) refs/heads/master refs/remotes/master [2ms]
2023-04-02 06:12:03.411 [info] > git status -z -uall [1ms]
2023-04-02 06:12:31.005 [info] > git config --get commit.template [6ms]
2023-04-02 06:12:31.006 [info] > git for-each-ref --format=%(refname)%00%(upstream:short)%00%(objectname)%00%(upstream:track)%00%(upstream:remotename)%00%(upstream:remoteref) refs/heads/master refs/remotes/master [1ms]
2023-04-02 06:12:31.013 [info] > git status -z -uall [1ms]
2023-04-02 06:14:36.926 [info] > git config --get commit.template [7ms]
2023-04-02 06:14:36.928 [info] > git for-each-ref --format=%(refname)%00%(upstream:short)%00%(objectname)%00%(upstream:track)%00%(upstream:remotename)%00%(upstream:remoteref) refs/heads/master refs/remotes/master [2ms]
2023-04-02 06:14:36.935 [info] > git status -z -uall [1ms]
2023-04-02 06:14:55.380 [info] > git config --get commit.template [2ms]
2023-04-02 06:14:55.391 [info] > git for-each-ref --format=%(refname)%00%(upstream:short)%00%(objectname)%00%(upstream:track)%00%(upstream:remotename)%00%(upstream:remoteref) refs/heads/master refs/remotes/master [1ms]
2023-04-02 06:14:55.403 [info] > git status -z -uall [3ms]
2023-04-02 06:14:55.496 [info] > git ls-files --stage -- /home/hellsing/Development/react-dashboard/src/components/BarChart.jsx [7ms]
2023-04-02 06:14:55.502 [info] > git ls-files --stage -- /home/hellsing/Development/react-dashboard/src/scenes/global/Sidebar.jsx [19ms]
2023-04-02 06:14:55.507 [info] > git ls-files --stage -- /home/hellsing/Development/react-dashboard/src/components/StatBox.jsx [31ms]
2023-04-02 06:14:55.514 [info] > git ls-files --stage -- /home/hellsing/Development/react-dashboard/src/scenes/dashboard/index.jsx [45ms]
2023-04-02 06:14:55.520 [info] > git ls-files --stage -- /home/hellsing/Development/react-dashboard/src/scenes/team/index.jsx [58ms]
2023-04-02 06:14:55.527 [info] > git ls-files --stage -- /home/hellsing/Development/react-dashboard/src/components/RadarChart.jsx [70ms]
2023-04-02 06:14:55.533 [info] > git ls-files --stage -- /home/hellsing/Development/react-dashboard/src/data/mockData.js [82ms]
2023-04-02 06:14:55.544 [info] > git cat-file -s 31303549af6e27f72a5e6f62c9567bc91e18244a [4ms]
2023-04-02 06:14:55.545 [info] > git cat-file -s b576617f8c60f2fbcef78b77c36af6d0bee4752d [12ms]
2023-04-02 06:14:55.545 [info] > git cat-file -s bb94b4863a9dca459c78fb8360970a2887ceec62 [18ms]
2023-04-02 06:14:55.545 [info] > git cat-file -s b57e8f78b8c3131827934f81ff7c289aff6cd307 [25ms]
2023-04-02 06:14:55.546 [info] > git cat-file -s b2b0493b1274138f28c8b1068a3887636eaf7124 [32ms]
2023-04-02 06:14:55.546 [info] > git cat-file -s 03f1e4d27be09dce3be40bd258297126bb51cdc3 [39ms]
2023-04-02 06:14:55.546 [info] > git cat-file -s 67250635bc763071241120d7dab028ffa0a0f6d9 [45ms]
2023-04-02 06:14:55.547 [info] > git ls-files --stage -- /home/hellsing/Development/react-dashboard/src/components/ProgressCircle.jsx [52ms]
2023-04-02 06:14:55.555 [info] > git cat-file -s 9233d55a78e66358ded7d93f4ba24830d2d39182 [2ms]
2023-04-02 06:14:55.612 [info] > git show --textconv :src/data/mockData.js [46ms]
2023-04-02 06:14:55.612 [info] > git show --textconv :src/components/RadarChart.jsx [37ms]
2023-04-02 06:14:55.612 [info] > git show --textconv :src/scenes/team/index.jsx [32ms]
2023-04-02 06:14:55.612 [info] > git show --textconv :src/scenes/dashboard/index.jsx [26ms]
2023-04-02 06:14:55.612 [info] > git show --textconv :src/components/StatBox.jsx [18ms]
2023-04-02 06:14:55.612 [info] > git show --textconv :src/scenes/global/Sidebar.jsx [13ms]
2023-04-02 06:14:55.612 [info] > git show --textconv :src/components/BarChart.jsx [6ms]
2023-04-02 06:14:55.613 [info] > git show --textconv :src/components/ProgressCircle.jsx [2ms]
2023-04-02 06:15:00.418 [info] > git config --get commit.template [7ms]
2023-04-02 06:15:00.419 [info] > git for-each-ref --format=%(refname)%00%(upstream:short)%00%(objectname)%00%(upstream:track)%00%(upstream:remotename)%00%(upstream:remoteref) refs/heads/master refs/remotes/master [2ms]
2023-04-02 06:15:00.428 [info] > git status -z -uall [3ms]
2023-04-02 06:15:29.366 [info] > git config --get commit.template [8ms]
2023-04-02 06:15:29.366 [info] > git for-each-ref --format=%(refname)%00%(upstream:short)%00%(objectname)%00%(upstream:track)%00%(upstream:remotename)%00%(upstream:remoteref) refs/heads/master refs/remotes/master [1ms]
2023-04-02 06:15:29.376 [info] > git status -z -uall [2ms]
2023-04-02 06:16:24.918 [info] > git config --get commit.template [3ms]
2023-04-02 06:16:24.926 [info] > git for-each-ref --format=%(refname)%00%(upstream:short)%00%(objectname)%00%(upstream:track)%00%(upstream:remotename)%00%(upstream:remoteref) refs/heads/master refs/remotes/master [1ms]
2023-04-02 06:16:24.937 [info] > git status -z -uall [3ms]
2023-04-02 06:17:01.168 [info] > git config --get commit.template [10ms]
2023-04-02 06:17:01.169 [info] > git for-each-ref --format=%(refname)%00%(upstream:short)%00%(objectname)%00%(upstream:track)%00%(upstream:remotename)%00%(upstream:remoteref) refs/heads/master refs/remotes/master [1ms]
2023-04-02 06:17:01.179 [info] > git status -z -uall [2ms]
2023-04-02 06:18:21.322 [info] > git config --get commit.template [9ms]
2023-04-02 06:18:21.323 [info] > git for-each-ref --format=%(refname)%00%(upstream:short)%00%(objectname)%00%(upstream:track)%00%(upstream:remotename)%00%(upstream:remoteref) refs/heads/master refs/remotes/master [0ms]
2023-04-02 06:18:21.336 [info] > git status -z -uall [4ms]
2023-04-02 06:18:32.210 [info] > git config --get commit.template [9ms]
2023-04-02 06:18:32.212 [info] > git for-each-ref --format=%(refname)%00%(upstream:short)%00%(objectname)%00%(upstream:track)%00%(upstream:remotename)%00%(upstream:remoteref) refs/heads/master refs/remotes/master [2ms]
2023-04-02 06:18:32.222 [info] > git status -z -uall [3ms]
2023-04-02 06:19:02.940 [info] > git config --get commit.template [10ms]
2023-04-02 06:19:02.941 [info] > git for-each-ref --format=%(refname)%00%(upstream:short)%00%(objectname)%00%(upstream:track)%00%(upstream:remotename)%00%(upstream:remoteref) refs/heads/master refs/remotes/master [2ms]
2023-04-02 06:19:02.951 [info] > git status -z -uall [2ms]
2023-04-02 06:23:10.676 [info] > git config --get commit.template [10ms]
2023-04-02 06:23:10.677 [info] > git for-each-ref --format=%(refname)%00%(upstream:short)%00%(objectname)%00%(upstream:track)%00%(upstream:remotename)%00%(upstream:remoteref) refs/heads/master refs/remotes/master [2ms]
2023-04-02 06:23:10.687 [info] > git status -z -uall [1ms]
2023-04-02 06:24:27.797 [info] > git config --get commit.template [1ms]
2023-04-02 06:24:27.806 [info] > git for-each-ref --format=%(refname)%00%(upstream:short)%00%(objectname)%00%(upstream:track)%00%(upstream:remotename)%00%(upstream:remoteref) refs/heads/master refs/remotes/master [0ms]
2023-04-02 06:24:27.820 [info] > git status -z -uall [4ms]
2023-04-02 06:25:54.457 [info] > git config --get commit.template [9ms]
2023-04-02 06:25:54.457 [info] > git for-each-ref --format=%(refname)%00%(upstream:short)%00%(objectname)%00%(upstream:track)%00%(upstream:remotename)%00%(upstream:remoteref) refs/heads/master refs/remotes/master [1ms]
2023-04-02 06:25:54.466 [info] > git status -z -uall [1ms]
2023-04-02 06:26:24.528 [info] > git config --get commit.template [8ms]
2023-04-02 06:26:24.529 [info] > git for-each-ref --format=%(refname)%00%(upstream:short)%00%(objectname)%00%(upstream:track)%00%(upstream:remotename)%00%(upstream:remoteref) refs/heads/master refs/remotes/master [2ms]
2023-04-02 06:26:24.537 [info] > git status -z -uall [1ms]
2023-04-02 06:27:36.532 [info] > git config --get commit.template [1ms]
2023-04-02 06:27:36.544 [info] > git for-each-ref --format=%(refname)%00%(upstream:short)%00%(objectname)%00%(upstream:track)%00%(upstream:remotename)%00%(upstream:remoteref) refs/heads/master refs/remotes/master [2ms]
2023-04-02 06:27:36.556 [info] > git status -z -uall [2ms]
2023-04-02 06:29:05.460 [info] > git config --get commit.template [9ms]
2023-04-02 06:29:05.462 [info] > git for-each-ref --format=%(refname)%00%(upstream:short)%00%(objectname)%00%(upstream:track)%00%(upstream:remotename)%00%(upstream:remoteref) refs/heads/master refs/remotes/master [2ms]
2023-04-02 06:29:05.474 [info] > git status -z -uall [2ms]
2023-04-02 06:36:37.298 [info] > git config --get commit.template [1ms]
2023-04-02 06:36:37.309 [info] > git for-each-ref --format=%(refname)%00%(upstream:short)%00%(objectname)%00%(upstream:track)%00%(upstream:remotename)%00%(upstream:remoteref) refs/heads/master refs/remotes/master [2ms]
2023-04-02 06:36:37.320 [info] > git status -z -uall [2ms]
2023-04-02 06:39:04.049 [info] > git config --get commit.template [9ms]
2023-04-02 06:39:04.049 [info] > git for-each-ref --format=%(refname)%00%(upstream:short)%00%(objectname)%00%(upstream:track)%00%(upstream:remotename)%00%(upstream:remoteref) refs/heads/master refs/remotes/master [3ms]
2023-04-02 06:39:04.063 [info] > git status -z -uall [4ms]
2023-04-02 06:39:36.406 [info] > git config --get commit.template [11ms]
2023-04-02 06:39:36.407 [info] > git for-each-ref --format=%(refname)%00%(upstream:short)%00%(objectname)%00%(upstream:track)%00%(upstream:remotename)%00%(upstream:remoteref) refs/heads/master refs/remotes/master [2ms]
2023-04-02 06:39:36.419 [info] > git status -z -uall [3ms]
2023-04-02 06:43:17.849 [info] > git config --get commit.template [9ms]
2023-04-02 06:43:17.849 [info] > git for-each-ref --format=%(refname)%00%(upstream:short)%00%(objectname)%00%(upstream:track)%00%(upstream:remotename)%00%(upstream:remoteref) refs/heads/master refs/remotes/master [1ms]
2023-04-02 06:43:17.858 [info] > git status -z -uall [2ms]
2023-04-02 06:44:19.547 [info] > git config --get commit.template [0ms]
2023-04-02 06:44:19.556 [info] > git for-each-ref --format=%(refname)%00%(upstream:short)%00%(objectname)%00%(upstream:track)%00%(upstream:remotename)%00%(upstream:remoteref) refs/heads/master refs/remotes/master [0ms]
2023-04-02 06:44:19.564 [info] > git status -z -uall [1ms]
2023-04-02 06:44:53.938 [info] > git config --get commit.template [7ms]
2023-04-02 06:44:53.938 [info] > git for-each-ref --format=%(refname)%00%(upstream:short)%00%(objectname)%00%(upstream:track)%00%(upstream:remotename)%00%(upstream:remoteref) refs/heads/master refs/remotes/master [1ms]
2023-04-02 06:44:53.949 [info] > git status -z -uall [3ms]
2023-04-02 06:46:19.960 [info] > git config --get commit.template [7ms]
2023-04-02 06:46:19.961 [info] > git for-each-ref --format=%(refname)%00%(upstream:short)%00%(objectname)%00%(upstream:track)%00%(upstream:remotename)%00%(upstream:remoteref) refs/heads/master refs/remotes/master [1ms]
2023-04-02 06:46:19.971 [info] > git status -z -uall [2ms]
2023-04-02 06:46:25.541 [info] > git config --get commit.template [9ms]
2023-04-02 06:46:25.541 [info] > git for-each-ref --format=%(refname)%00%(upstream:short)%00%(objectname)%00%(upstream:track)%00%(upstream:remotename)%00%(upstream:remoteref) refs/heads/master refs/remotes/master [1ms]
2023-04-02 06:46:25.550 [info] > git status -z -uall [2ms]
2023-04-02 06:48:05.582 [info] > git config --get commit.template [1ms]
2023-04-02 06:48:05.591 [info] > git for-each-ref --format=%(refname)%00%(upstream:short)%00%(objectname)%00%(upstream:track)%00%(upstream:remotename)%00%(upstream:remoteref) refs/heads/master refs/remotes/master [2ms]
2023-04-02 06:48:05.601 [info] > git status -z -uall [3ms]
2023-04-02 06:48:46.544 [info] > git config --get commit.template [8ms]
2023-04-02 06:48:46.544 [info] > git for-each-ref --format=%(refname)%00%(upstream:short)%00%(objectname)%00%(upstream:track)%00%(upstream:remotename)%00%(upstream:remoteref) refs/heads/master refs/remotes/master [1ms]
2023-04-02 06:48:46.555 [info] > git status -z -uall [2ms]
2023-04-02 06:49:09.357 [info] > git config --get commit.template [10ms]
2023-04-02 06:49:09.358 [info] > git for-each-ref --format=%(refname)%00%(upstream:short)%00%(objectname)%00%(upstream:track)%00%(upstream:remotename)%00%(upstream:remoteref) refs/heads/master refs/remotes/master [2ms]
2023-04-02 06:49:09.370 [info] > git status -z -uall [3ms]
2023-04-02 06:49:49.455 [info] > git config --get commit.template [9ms]
2023-04-02 06:49:49.455 [info] > git for-each-ref --format=%(refname)%00%(upstream:short)%00%(objectname)%00%(upstream:track)%00%(upstream:remotename)%00%(upstream:remoteref) refs/heads/master refs/remotes/master [1ms]
2023-04-02 06:49:49.463 [info] > git status -z -uall [1ms]
2023-04-02 06:50:32.461 [info] > git config --get commit.template [11ms]
2023-04-02 06:50:32.462 [info] > git for-each-ref --format=%(refname)%00%(upstream:short)%00%(objectname)%00%(upstream:track)%00%(upstream:remotename)%00%(upstream:remoteref) refs/heads/master refs/remotes/master [1ms]
2023-04-02 06:50:32.472 [info] > git status -z -uall [1ms]
2023-04-02 06:51:07.042 [info] > git config --get commit.template [9ms]
2023-04-02 06:51:07.043 [info] > git for-each-ref --format=%(refname)%00%(upstream:short)%00%(objectname)%00%(upstream:track)%00%(upstream:remotename)%00%(upstream:remoteref) refs/heads/master refs/remotes/master [1ms]
2023-04-02 06:51:07.052 [info] > git status -z -uall [1ms]
2023-04-02 06:51:21.373 [info] > git config --get commit.template [7ms]
2023-04-02 06:51:21.375 [info] > git for-each-ref --format=%(refname)%00%(upstream:short)%00%(objectname)%00%(upstream:track)%00%(upstream:remotename)%00%(upstream:remoteref) refs/heads/master refs/remotes/master [2ms]
2023-04-02 06:51:21.384 [info] > git status -z -uall [2ms]
2023-04-02 06:51:46.552 [info] > git config --get commit.template [8ms]
2023-04-02 06:51:46.552 [info] > git for-each-ref --format=%(refname)%00%(upstream:short)%00%(objectname)%00%(upstream:track)%00%(upstream:remotename)%00%(upstream:remoteref) refs/heads/master refs/remotes/master [1ms]
2023-04-02 06:51:46.560 [info] > git status -z -uall [1ms]
2023-04-02 06:52:40.480 [info] > git for-each-ref --format=%(refname)%00%(upstream:short)%00%(objectname)%00%(upstream:track)%00%(upstream:remotename)%00%(upstream:remoteref) refs/heads/master refs/remotes/master [2ms]
2023-04-02 06:52:40.480 [info] > git config --get commit.template [8ms]
2023-04-02 06:52:40.497 [info] > git status -z -uall [3ms]
2023-04-02 06:53:22.632 [info] > git config --get commit.template [0ms]
2023-04-02 06:53:22.641 [info] > git for-each-ref --format=%(refname)%00%(upstream:short)%00%(objectname)%00%(upstream:track)%00%(upstream:remotename)%00%(upstream:remoteref) refs/heads/master refs/remotes/master [1ms]
2023-04-02 06:53:22.652 [info] > git status -z -uall [2ms]
2023-04-02 06:54:12.852 [info] > git config --get commit.template [7ms]
2023-04-02 06:54:12.853 [info] > git for-each-ref --format=%(refname)%00%(upstream:short)%00%(objectname)%00%(upstream:track)%00%(upstream:remotename)%00%(upstream:remoteref) refs/heads/master refs/remotes/master [1ms]
2023-04-02 06:54:12.862 [info] > git status -z -uall [3ms]
2023-04-02 06:55:41.804 [info] > git config --get commit.template [8ms]
2023-04-02 06:55:41.804 [info] > git for-each-ref --format=%(refname)%00%(upstream:short)%00%(objectname)%00%(upstream:track)%00%(upstream:remotename)%00%(upstream:remoteref) refs/heads/master refs/remotes/master [1ms]
2023-04-02 06:55:41.815 [info] > git status -z -uall [3ms]
2023-04-02 06:56:03.142 [info] > git config --get commit.template [10ms]
2023-04-02 06:56:03.143 [info] > git for-each-ref --format=%(refname)%00%(upstream:short)%00%(objectname)%00%(upstream:track)%00%(upstream:remotename)%00%(upstream:remoteref) refs/heads/master refs/remotes/master [1ms]
2023-04-02 06:56:03.155 [info] > git status -z -uall [3ms]
2023-04-02 06:56:58.085 [info] > git config --get commit.template [1ms]
2023-04-02 06:56:58.095 [info] > git for-each-ref --format=%(refname)%00%(upstream:short)%00%(objectname)%00%(upstream:track)%00%(upstream:remotename)%00%(upstream:remoteref) refs/heads/master refs/remotes/master [2ms]
2023-04-02 06:56:58.102 [info] > git status -z -uall [1ms]
2023-04-02 06:58:40.178 [info] > git config --get commit.template [6ms]
2023-04-02 06:58:40.179 [info] > git for-each-ref --format=%(refname)%00%(upstream:short)%00%(objectname)%00%(upstream:track)%00%(upstream:remotename)%00%(upstream:remoteref) refs/heads/master refs/remotes/master [1ms]
2023-04-02 06:58:40.186 [info] > git status -z -uall [1ms]
2023-04-02 06:59:26.631 [info] > git config --get commit.template [6ms]
2023-04-02 06:59:26.632 [info] > git for-each-ref --format=%(refname)%00%(upstream:short)%00%(objectname)%00%(upstream:track)%00%(upstream:remotename)%00%(upstream:remoteref) refs/heads/master refs/remotes/master [1ms]
2023-04-02 06:59:26.639 [info] > git status -z -uall [1ms]
2023-04-02 07:00:52.631 [info] > git config --get commit.template [3ms]
2023-04-02 07:00:52.639 [info] > git for-each-ref --format=%(refname)%00%(upstream:short)%00%(objectname)%00%(upstream:track)%00%(upstream:remotename)%00%(upstream:remoteref) refs/heads/master refs/remotes/master [1ms]
2023-04-02 07:00:52.651 [info] > git status -z -uall [2ms]
2023-04-02 07:07:41.325 [info] > git config --get commit.template [9ms]
2023-04-02 07:07:41.327 [info] > git for-each-ref --format=%(refname)%00%(upstream:short)%00%(objectname)%00%(upstream:track)%00%(upstream:remotename)%00%(upstream:remoteref) refs/heads/master refs/remotes/master [2ms]
2023-04-02 07:07:41.336 [info] > git status -z -uall [2ms]
2023-04-02 07:07:53.926 [info] > git config --get commit.template [1ms]
2023-04-02 07:07:53.935 [info] > git for-each-ref --format=%(refname)%00%(upstream:short)%00%(objectname)%00%(upstream:track)%00%(upstream:remotename)%00%(upstream:remoteref) refs/heads/master refs/remotes/master [2ms]
2023-04-02 07:07:53.944 [info] > git status -z -uall [3ms]
2023-04-02 07:30:38.929 [info] > git config --get commit.template [11ms]
2023-04-02 07:30:38.929 [info] > git for-each-ref --format=%(refname)%00%(upstream:short)%00%(objectname)%00%(upstream:track)%00%(upstream:remotename)%00%(upstream:remoteref) refs/heads/master refs/remotes/master [1ms]
2023-04-02 07:30:38.938 [info] > git status -z -uall [2ms]
2023-04-02 07:47:08.515 [info] > git config --get commit.template [1ms]
2023-04-02 07:47:08.522 [info] > git for-each-ref --format=%(refname)%00%(upstream:short)%00%(objectname)%00%(upstream:track)%00%(upstream:remotename)%00%(upstream:remoteref) refs/heads/master refs/remotes/master [1ms]
2023-04-02 07:47:08.529 [info] > git status -z -uall [1ms]
2023-04-02 07:47:09.489 [info] > git show --textconv :src/components/PieChart.jsx [9ms]
2023-04-02 07:47:09.490 [info] > git ls-files --stage -- /home/hellsing/Development/react-dashboard/src/components/PieChart.jsx [1ms]
2023-04-02 07:47:09.499 [info] > git cat-file -s 7bf0f915599dd4f93004cc76e37dd61f2c24855f [1ms]
2023-04-02 07:47:58.234 [info] > git config --get commit.template [7ms]
2023-04-02 07:47:58.234 [info] > git for-each-ref --format=%(refname)%00%(upstream:short)%00%(objectname)%00%(upstream:track)%00%(upstream:remotename)%00%(upstream:remoteref) refs/heads/master refs/remotes/master [1ms]
2023-04-02 07:47:58.242 [info] > git status -z -uall [1ms]
2023-04-02 07:48:13.780 [info] > git config --get commit.template [6ms]
2023-04-02 07:48:13.780 [info] > git for-each-ref --format=%(refname)%00%(upstream:short)%00%(objectname)%00%(upstream:track)%00%(upstream:remotename)%00%(upstream:remoteref) refs/heads/master refs/remotes/master [1ms]
2023-04-02 07:48:13.787 [info] > git status -z -uall [1ms]
2023-04-02 07:49:56.971 [info] > git config --get commit.template [7ms]
2023-04-02 07:49:56.972 [info] > git for-each-ref --format=%(refname)%00%(upstream:short)%00%(objectname)%00%(upstream:track)%00%(upstream:remotename)%00%(upstream:remoteref) refs/heads/master refs/remotes/master [1ms]
2023-04-02 07:49:56.980 [info] > git status -z -uall [2ms]
2023-04-02 08:11:04.318 [info] > git config --get commit.template [9ms]
2023-04-02 08:11:04.320 [info] > git for-each-ref --format=%(refname)%00%(upstream:short)%00%(objectname)%00%(upstream:track)%00%(upstream:remotename)%00%(upstream:remoteref) refs/heads/master refs/remotes/master [2ms]
2023-04-02 08:11:04.331 [info] > git status -z -uall [3ms]
2023-04-02 08:11:37.304 [info] > git config --get commit.template [7ms]
2023-04-02 08:11:37.305 [info] > git for-each-ref --format=%(refname)%00%(upstream:short)%00%(objectname)%00%(upstream:track)%00%(upstream:remotename)%00%(upstream:remoteref) refs/heads/master refs/remotes/master [1ms]
2023-04-02 08:11:37.312 [info] > git status -z -uall [1ms]
2023-04-02 08:21:00.345 [info] > git config --get commit.template [6ms]
2023-04-02 08:21:00.345 [info] > git for-each-ref --format=%(refname)%00%(upstream:short)%00%(objectname)%00%(upstream:track)%00%(upstream:remotename)%00%(upstream:remoteref) refs/heads/master refs/remotes/master [1ms]
2023-04-02 08:21:00.355 [info] > git status -z -uall [3ms]
2023-04-02 08:23:42.035 [info] > git config --get commit.template [8ms]
2023-04-02 08:23:42.037 [info] > git for-each-ref --format=%(refname)%00%(upstream:short)%00%(objectname)%00%(upstream:track)%00%(upstream:remotename)%00%(upstream:remoteref) refs/heads/master refs/remotes/master [2ms]
2023-04-02 08:23:42.044 [info] > git status -z -uall [1ms]
2023-04-02 08:24:01.312 [info] > git config --get commit.template [7ms]
2023-04-02 08:24:01.313 [info] > git for-each-ref --format=%(refname)%00%(upstream:short)%00%(objectname)%00%(upstream:track)%00%(upstream:remotename)%00%(upstream:remoteref) refs/heads/master refs/remotes/master [1ms]
2023-04-02 08:24:01.325 [info] > git status -z -uall [3ms]
2023-04-02 08:26:10.502 [info] > git config --get commit.template [6ms]
2023-04-02 08:26:10.502 [info] > git for-each-ref --format=%(refname)%00%(upstream:short)%00%(objectname)%00%(upstream:track)%00%(upstream:remotename)%00%(upstream:remoteref) refs/heads/master refs/remotes/master [1ms]
2023-04-02 08:26:10.509 [info] > git status -z -uall [1ms]
2023-04-02 08:31:12.703 [info] > git config --get commit.template [5ms]
2023-04-02 08:31:12.704 [info] > git for-each-ref --format=%(refname)%00%(upstream:short)%00%(objectname)%00%(upstream:track)%00%(upstream:remotename)%00%(upstream:remoteref) refs/heads/master refs/remotes/master [1ms]
2023-04-02 08:31:12.711 [info] > git status -z -uall [2ms]
2023-04-02 08:32:00.868 [info] > git config --get commit.template [12ms]
2023-04-02 08:32:00.869 [info] > git for-each-ref --format=%(refname)%00%(upstream:short)%00%(objectname)%00%(upstream:track)%00%(upstream:remotename)%00%(upstream:remoteref) refs/heads/master refs/remotes/master [1ms]
2023-04-02 08:32:00.880 [info] > git status -z -uall [2ms]
2023-04-02 08:33:29.180 [info] > git config --get commit.template [10ms]
2023-04-02 08:33:29.181 [info] > git for-each-ref --format=%(refname)%00%(upstream:short)%00%(objectname)%00%(upstream:track)%00%(upstream:remotename)%00%(upstream:remoteref) refs/heads/master refs/remotes/master [2ms]
2023-04-02 08:33:29.193 [info] > git status -z -uall [3ms]
2023-04-02 08:36:44.345 [info] > git config --get commit.template [9ms]
2023-04-02 08:36:44.347 [info] > git for-each-ref --format=%(refname)%00%(upstream:short)%00%(objectname)%00%(upstream:track)%00%(upstream:remotename)%00%(upstream:remoteref) refs/heads/master refs/remotes/master [3ms]
2023-04-02 08:36:44.359 [info] > git status -z -uall [2ms]
2023-04-02 08:44:20.289 [info] > git config --get commit.template [7ms]
2023-04-02 08:44:20.291 [info] > git for-each-ref --format=%(refname)%00%(upstream:short)%00%(objectname)%00%(upstream:track)%00%(upstream:remotename)%00%(upstream:remoteref) refs/heads/master refs/remotes/master [2ms]
2023-04-02 08:44:20.300 [info] > git status -z -uall [3ms]
2023-04-02 08:51:59.566 [info] > git config --get commit.template [8ms]
2023-04-02 08:51:59.568 [info] > git for-each-ref --format=%(refname)%00%(upstream:short)%00%(objectname)%00%(upstream:track)%00%(upstream:remotename)%00%(upstream:remoteref) refs/heads/master refs/remotes/master [2ms]
2023-04-02 08:51:59.577 [info] > git status -z -uall [2ms]
2023-04-02 08:52:49.025 [info] > git config --get commit.template [7ms]
2023-04-02 08:52:49.026 [info] > git for-each-ref --format=%(refname)%00%(upstream:short)%00%(objectname)%00%(upstream:track)%00%(upstream:remotename)%00%(upstream:remoteref) refs/heads/master refs/remotes/master [1ms]
2023-04-02 08:52:49.034 [info] > git status -z -uall [2ms]
2023-04-02 09:05:38.810 [info] > git config --get commit.template [1ms]
2023-04-02 09:05:38.822 [info] > git for-each-ref --format=%(refname)%00%(upstream:short)%00%(objectname)%00%(upstream:track)%00%(upstream:remotename)%00%(upstream:remoteref) refs/heads/master refs/remotes/master [1ms]
2023-04-02 09:05:38.831 [info] > git status -z -uall [2ms]
2023-04-02 09:06:10.392 [info] > git config --get commit.template [7ms]
2023-04-02 09:06:10.393 [info] > git for-each-ref --format=%(refname)%00%(upstream:short)%00%(objectname)%00%(upstream:track)%00%(upstream:remotename)%00%(upstream:remoteref) refs/heads/master refs/remotes/master [1ms]
2023-04-02 09:06:10.401 [info] > git status -z -uall [1ms]
2023-04-02 09:06:23.615 [info] > git config --get commit.template [7ms]
2023-04-02 09:06:23.615 [info] > git for-each-ref --format=%(refname)%00%(upstream:short)%00%(objectname)%00%(upstream:track)%00%(upstream:remotename)%00%(upstream:remoteref) refs/heads/master refs/remotes/master [1ms]
2023-04-02 09:06:23.623 [info] > git status -z -uall [2ms]
2023-04-02 09:06:28.638 [info] > git config --get commit.template [7ms]
2023-04-02 09:06:28.639 [info] > git for-each-ref --format=%(refname)%00%(upstream:short)%00%(objectname)%00%(upstream:track)%00%(upstream:remotename)%00%(upstream:remoteref) refs/heads/master refs/remotes/master [1ms]
2023-04-02 09:06:28.648 [info] > git status -z -uall [3ms]
2023-04-02 09:07:13.605 [info] > git config --get commit.template [8ms]
2023-04-02 09:07:13.606 [info] > git for-each-ref --format=%(refname)%00%(upstream:short)%00%(objectname)%00%(upstream:track)%00%(upstream:remotename)%00%(upstream:remoteref) refs/heads/master refs/remotes/master [1ms]
2023-04-02 09:07:13.618 [info] > git status -z -uall [3ms]
2023-04-02 09:07:32.786 [info] > git config --get commit.template [10ms]
2023-04-02 09:07:32.788 [info] > git for-each-ref --format=%(refname)%00%(upstream:short)%00%(objectname)%00%(upstream:track)%00%(upstream:remotename)%00%(upstream:remoteref) refs/heads/master refs/remotes/master [2ms]
2023-04-02 09:07:32.799 [info] > git status -z -uall [3ms]
2023-04-02 09:08:58.310 [info] > git config --get commit.template [7ms]
2023-04-02 09:08:58.311 [info] > git for-each-ref --format=%(refname)%00%(upstream:short)%00%(objectname)%00%(upstream:track)%00%(upstream:remotename)%00%(upstream:remoteref) refs/heads/master refs/remotes/master [1ms]
2023-04-02 09:08:58.318 [info] > git status -z -uall [2ms]
2023-04-02 09:10:00.043 [info] > git check-ignore -v -z --stdin [2ms]
2023-04-02 09:10:20.566 [info] > git show --textconv :src/scenes/bar/index.jsx [8ms]
2023-04-02 09:10:20.567 [info] > git ls-files --stage -- /home/hellsing/Development/react-dashboard/src/scenes/bar/index.jsx [2ms]
2023-04-02 09:10:20.576 [info] > git cat-file -s ecf6014ae91907801c14438e90e48850fa0f2e40 [2ms]
2023-04-02 09:12:09.002 [info] > git config --get commit.template [8ms]
2023-04-02 09:12:09.002 [info] > git for-each-ref --format=%(refname)%00%(upstream:short)%00%(objectname)%00%(upstream:track)%00%(upstream:remotename)%00%(upstream:remoteref) refs/heads/master refs/remotes/master [1ms]
2023-04-02 09:12:09.015 [info] > git status -z -uall [3ms]
2023-04-02 09:14:16.419 [info] > git config --get commit.template [9ms]
2023-04-02 09:14:16.421 [info] > git for-each-ref --format=%(refname)%00%(upstream:short)%00%(objectname)%00%(upstream:track)%00%(upstream:remotename)%00%(upstream:remoteref) refs/heads/master refs/remotes/master [2ms]
2023-04-02 09:14:16.433 [info] > git status -z -uall [3ms]
