2023-04-02 11:13:32.576 [info] Log level: Info
2023-04-02 11:13:32.576 [info] Validating found git in: "git"
2023-04-02 11:13:32.576 [info] Using git "2.40.0" from "git"
2023-04-02 11:13:32.576 [info] > git rev-parse --show-toplevel [4ms]
2023-04-02 11:13:32.576 [info] > git rev-parse --git-dir --git-common-dir [2ms]
2023-04-02 11:13:32.576 [info] Open repository: /home/hellsing/Development/react-dashboard
2023-04-02 11:13:32.576 [info] > git config --get commit.template [6ms]
2023-04-02 11:13:32.576 [info] > git rev-parse --show-toplevel [12ms]
2023-04-02 11:13:32.576 [info] > git rev-parse --show-toplevel [74ms]
2023-04-02 11:13:32.576 [info] > git rev-parse --show-toplevel [10ms]
2023-04-02 11:13:32.576 [info] > git for-each-ref --format=%(refname)%00%(upstream:short)%00%(objectname)%00%(upstream:track)%00%(upstream:remotename)%00%(upstream:remoteref) refs/heads/master refs/remotes/master [87ms]
2023-04-02 11:13:32.577 [info] > git status -z -uall [30ms]
2023-04-02 11:13:32.594 [info] > git config --get commit.template [6ms]
2023-04-02 11:13:32.596 [info] > git for-each-ref --format=%(refname)%00%(upstream:short)%00%(objectname)%00%(upstream:track)%00%(upstream:remotename)%00%(upstream:remoteref) refs/heads/master refs/remotes/master [2ms]
2023-04-02 11:13:32.602 [info] > git status -z -uall [2ms]
2023-04-02 11:13:32.939 [info] > git show --textconv :src/scenes/dashboard/index.jsx [8ms]
2023-04-02 11:13:32.940 [info] > git ls-files --stage -- /home/hellsing/Development/react-dashboard/src/scenes/dashboard/index.jsx [2ms]
2023-04-02 11:13:32.948 [info] > git cat-file -s b57e8f78b8c3131827934f81ff7c289aff6cd307 [2ms]
2023-04-02 11:13:32.980 [info] > git check-ignore -v -z --stdin [14ms]
2023-04-02 11:15:10.572 [info] > git show --textconv :src/components/PieChart.jsx [6ms]
2023-04-02 11:15:10.573 [info] > git ls-files --stage -- /home/hellsing/Development/react-dashboard/src/components/PieChart.jsx [2ms]
2023-04-02 11:15:10.578 [info] > git cat-file -s 7bf0f915599dd4f93004cc76e37dd61f2c24855f [1ms]
2023-04-02 11:15:26.358 [info] > git config --get commit.template [8ms]
2023-04-02 11:15:26.358 [info] > git for-each-ref --format=%(refname)%00%(upstream:short)%00%(objectname)%00%(upstream:track)%00%(upstream:remotename)%00%(upstream:remoteref) refs/heads/master refs/remotes/master [2ms]
2023-04-02 11:15:26.368 [info] > git status -z -uall [3ms]
2023-04-02 11:21:03.530 [info] > git show --textconv :src/components/ProgressCircle.jsx [8ms]
2023-04-02 11:21:03.531 [info] > git ls-files --stage -- /home/hellsing/Development/react-dashboard/src/components/ProgressCircle.jsx [2ms]
2023-04-02 11:21:03.538 [info] > git cat-file -s 9233d55a78e66358ded7d93f4ba24830d2d39182 [1ms]
2023-04-02 11:22:06.992 [info] > git config --get commit.template [8ms]
2023-04-02 11:22:06.994 [info] > git for-each-ref --format=%(refname)%00%(upstream:short)%00%(objectname)%00%(upstream:track)%00%(upstream:remotename)%00%(upstream:remoteref) refs/heads/master refs/remotes/master [2ms]
2023-04-02 11:22:07.003 [info] > git status -z -uall [3ms]
2023-04-02 11:25:52.182 [info] > git config --get commit.template [10ms]
2023-04-02 11:25:52.182 [info] > git for-each-ref --format=%(refname)%00%(upstream:short)%00%(objectname)%00%(upstream:track)%00%(upstream:remotename)%00%(upstream:remoteref) refs/heads/master refs/remotes/master [2ms]
2023-04-02 11:25:52.195 [info] > git status -z -uall [2ms]
2023-04-02 11:27:11.407 [info] > git config --get commit.template [6ms]
2023-04-02 11:27:11.407 [info] > git for-each-ref --format=%(refname)%00%(upstream:short)%00%(objectname)%00%(upstream:track)%00%(upstream:remotename)%00%(upstream:remoteref) refs/heads/master refs/remotes/master [1ms]
2023-04-02 11:27:11.417 [info] > git status -z -uall [3ms]
2023-04-02 11:27:29.375 [info] > git config --get commit.template [5ms]
2023-04-02 11:27:29.375 [info] > git for-each-ref --format=%(refname)%00%(upstream:short)%00%(objectname)%00%(upstream:track)%00%(upstream:remotename)%00%(upstream:remoteref) refs/heads/master refs/remotes/master [2ms]
2023-04-02 11:27:29.384 [info] > git status -z -uall [1ms]
2023-04-02 11:31:12.965 [info] > git config --get commit.template [7ms]
2023-04-02 11:31:12.965 [info] > git for-each-ref --format=%(refname)%00%(upstream:short)%00%(objectname)%00%(upstream:track)%00%(upstream:remotename)%00%(upstream:remoteref) refs/heads/master refs/remotes/master [1ms]
2023-04-02 11:31:12.975 [info] > git status -z -uall [2ms]
2023-04-02 11:43:27.486 [info] > git config --get commit.template [6ms]
2023-04-02 11:43:27.487 [info] > git for-each-ref --format=%(refname)%00%(upstream:short)%00%(objectname)%00%(upstream:track)%00%(upstream:remotename)%00%(upstream:remoteref) refs/heads/master refs/remotes/master [2ms]
2023-04-02 11:43:27.493 [info] > git status -z -uall [2ms]
2023-04-02 11:44:12.036 [info] > git config --get commit.template [8ms]
2023-04-02 11:44:12.036 [info] > git for-each-ref --format=%(refname)%00%(upstream:short)%00%(objectname)%00%(upstream:track)%00%(upstream:remotename)%00%(upstream:remoteref) refs/heads/master refs/remotes/master [2ms]
2023-04-02 11:44:12.045 [info] > git status -z -uall [2ms]
2023-04-02 11:45:55.026 [info] > git config --get commit.template [5ms]
2023-04-02 11:45:55.026 [info] > git for-each-ref --format=%(refname)%00%(upstream:short)%00%(objectname)%00%(upstream:track)%00%(upstream:remotename)%00%(upstream:remoteref) refs/heads/master refs/remotes/master [1ms]
2023-04-02 11:45:55.034 [info] > git status -z -uall [1ms]
2023-04-02 11:46:22.568 [info] > git config --get commit.template [4ms]
2023-04-02 11:46:22.569 [info] > git for-each-ref --format=%(refname)%00%(upstream:short)%00%(objectname)%00%(upstream:track)%00%(upstream:remotename)%00%(upstream:remoteref) refs/heads/master refs/remotes/master [2ms]
2023-04-02 11:46:22.577 [info] > git status -z -uall [1ms]
2023-04-02 11:46:45.769 [info] > git config --get commit.template [7ms]
2023-04-02 11:46:45.770 [info] > git for-each-ref --format=%(refname)%00%(upstream:short)%00%(objectname)%00%(upstream:track)%00%(upstream:remotename)%00%(upstream:remoteref) refs/heads/master refs/remotes/master [2ms]
2023-04-02 11:46:45.778 [info] > git status -z -uall [2ms]
2023-04-02 11:47:25.088 [info] > git config --get commit.template [8ms]
2023-04-02 11:47:25.088 [info] > git for-each-ref --format=%(refname)%00%(upstream:short)%00%(objectname)%00%(upstream:track)%00%(upstream:remotename)%00%(upstream:remoteref) refs/heads/master refs/remotes/master [1ms]
2023-04-02 11:47:25.097 [info] > git status -z -uall [1ms]
2023-04-02 11:48:23.141 [info] > git config --get commit.template [1ms]
2023-04-02 11:48:23.149 [info] > git for-each-ref --format=%(refname)%00%(upstream:short)%00%(objectname)%00%(upstream:track)%00%(upstream:remotename)%00%(upstream:remoteref) refs/heads/master refs/remotes/master [1ms]
2023-04-02 11:48:23.158 [info] > git status -z -uall [1ms]
2023-04-02 11:49:20.536 [info] > git config --get commit.template [6ms]
2023-04-02 11:49:20.537 [info] > git for-each-ref --format=%(refname)%00%(upstream:short)%00%(objectname)%00%(upstream:track)%00%(upstream:remotename)%00%(upstream:remoteref) refs/heads/master refs/remotes/master [2ms]
2023-04-02 11:49:20.544 [info] > git status -z -uall [2ms]
2023-04-02 11:50:28.177 [info] > git config --get commit.template [7ms]
2023-04-02 11:50:28.178 [info] > git for-each-ref --format=%(refname)%00%(upstream:short)%00%(objectname)%00%(upstream:track)%00%(upstream:remotename)%00%(upstream:remoteref) refs/heads/master refs/remotes/master [1ms]
2023-04-02 11:50:28.187 [info] > git status -z -uall [2ms]
2023-04-02 11:51:05.486 [info] > git config --get commit.template [6ms]
2023-04-02 11:51:05.487 [info] > git for-each-ref --format=%(refname)%00%(upstream:short)%00%(objectname)%00%(upstream:track)%00%(upstream:remotename)%00%(upstream:remoteref) refs/heads/master refs/remotes/master [1ms]
2023-04-02 11:51:05.494 [info] > git status -z -uall [2ms]
2023-04-02 11:52:58.029 [info] > git config --get commit.template [6ms]
2023-04-02 11:52:58.030 [info] > git for-each-ref --format=%(refname)%00%(upstream:short)%00%(objectname)%00%(upstream:track)%00%(upstream:remotename)%00%(upstream:remoteref) refs/heads/master refs/remotes/master [1ms]
2023-04-02 11:52:58.039 [info] > git status -z -uall [3ms]
2023-04-02 11:53:04.940 [info] > git config --get commit.template [8ms]
2023-04-02 11:53:04.941 [info] > git for-each-ref --format=%(refname)%00%(upstream:short)%00%(objectname)%00%(upstream:track)%00%(upstream:remotename)%00%(upstream:remoteref) refs/heads/master refs/remotes/master [2ms]
2023-04-02 11:53:04.952 [info] > git status -z -uall [3ms]
2023-04-02 11:57:59.782 [info] > git config --get commit.template [7ms]
2023-04-02 11:57:59.783 [info] > git for-each-ref --format=%(refname)%00%(upstream:short)%00%(objectname)%00%(upstream:track)%00%(upstream:remotename)%00%(upstream:remoteref) refs/heads/master refs/remotes/master [1ms]
2023-04-02 11:57:59.792 [info] > git status -z -uall [3ms]
2023-04-02 11:59:40.088 [info] > git config --get commit.template [7ms]
2023-04-02 11:59:40.088 [info] > git for-each-ref --format=%(refname)%00%(upstream:short)%00%(objectname)%00%(upstream:track)%00%(upstream:remotename)%00%(upstream:remoteref) refs/heads/master refs/remotes/master [1ms]
2023-04-02 11:59:40.097 [info] > git status -z -uall [2ms]
2023-04-02 11:59:55.187 [info] > git config --get commit.template [8ms]
2023-04-02 11:59:55.188 [info] > git for-each-ref --format=%(refname)%00%(upstream:short)%00%(objectname)%00%(upstream:track)%00%(upstream:remotename)%00%(upstream:remoteref) refs/heads/master refs/remotes/master [1ms]
2023-04-02 11:59:55.197 [info] > git status -z -uall [2ms]
2023-04-02 12:00:18.543 [info] > git config --get commit.template [8ms]
2023-04-02 12:00:18.544 [info] > git for-each-ref --format=%(refname)%00%(upstream:short)%00%(objectname)%00%(upstream:track)%00%(upstream:remotename)%00%(upstream:remoteref) refs/heads/master refs/remotes/master [2ms]
2023-04-02 12:00:18.554 [info] > git status -z -uall [3ms]
2023-04-02 12:03:41.033 [info] > git config --get commit.template [5ms]
2023-04-02 12:03:41.033 [info] > git for-each-ref --format=%(refname)%00%(upstream:short)%00%(objectname)%00%(upstream:track)%00%(upstream:remotename)%00%(upstream:remoteref) refs/heads/master refs/remotes/master [1ms]
2023-04-02 12:03:41.039 [info] > git status -z -uall [1ms]
2023-04-02 12:05:21.486 [info] > git config --get commit.template [6ms]
2023-04-02 12:05:21.487 [info] > git for-each-ref --format=%(refname)%00%(upstream:short)%00%(objectname)%00%(upstream:track)%00%(upstream:remotename)%00%(upstream:remoteref) refs/heads/master refs/remotes/master [1ms]
2023-04-02 12:05:21.494 [info] > git status -z -uall [1ms]
2023-04-02 12:05:24.339 [info] > git show --textconv :src/components/RadarChart.jsx [9ms]
2023-04-02 12:05:24.341 [info] > git ls-files --stage -- /home/hellsing/Development/react-dashboard/src/components/RadarChart.jsx [3ms]
2023-04-02 12:05:24.347 [info] > git cat-file -s b576617f8c60f2fbcef78b77c36af6d0bee4752d [1ms]
2023-04-02 12:05:52.068 [info] > git config --get commit.template [6ms]
2023-04-02 12:05:52.069 [info] > git for-each-ref --format=%(refname)%00%(upstream:short)%00%(objectname)%00%(upstream:track)%00%(upstream:remotename)%00%(upstream:remoteref) refs/heads/master refs/remotes/master [1ms]
2023-04-02 12:05:52.077 [info] > git status -z -uall [2ms]
2023-04-02 12:10:41.355 [info] > git config --get commit.template [8ms]
2023-04-02 12:10:41.356 [info] > git for-each-ref --format=%(refname)%00%(upstream:short)%00%(objectname)%00%(upstream:track)%00%(upstream:remotename)%00%(upstream:remoteref) refs/heads/master refs/remotes/master [2ms]
2023-04-02 12:10:41.364 [info] > git status -z -uall [2ms]
2023-04-02 12:18:10.597 [info] > git config --get commit.template [9ms]
2023-04-02 12:18:10.599 [info] > git for-each-ref --format=%(refname)%00%(upstream:short)%00%(objectname)%00%(upstream:track)%00%(upstream:remotename)%00%(upstream:remoteref) refs/heads/master refs/remotes/master [1ms]
2023-04-02 12:18:10.611 [info] > git status -z -uall [3ms]
2023-04-02 12:18:52.952 [info] > git config --get commit.template [8ms]
2023-04-02 12:18:52.952 [info] > git for-each-ref --format=%(refname)%00%(upstream:short)%00%(objectname)%00%(upstream:track)%00%(upstream:remotename)%00%(upstream:remoteref) refs/heads/master refs/remotes/master [1ms]
2023-04-02 12:18:52.964 [info] > git status -z -uall [3ms]
2023-04-02 12:20:48.329 [info] > git config --get commit.template [7ms]
2023-04-02 12:20:48.331 [info] > git for-each-ref --format=%(refname)%00%(upstream:short)%00%(objectname)%00%(upstream:track)%00%(upstream:remotename)%00%(upstream:remoteref) refs/heads/master refs/remotes/master [2ms]
2023-04-02 12:20:48.337 [info] > git status -z -uall [2ms]
2023-04-02 12:21:59.639 [info] > git config --get commit.template [1ms]
2023-04-02 12:21:59.648 [info] > git for-each-ref --format=%(refname)%00%(upstream:short)%00%(objectname)%00%(upstream:track)%00%(upstream:remotename)%00%(upstream:remoteref) refs/heads/master refs/remotes/master [1ms]
2023-04-02 12:21:59.658 [info] > git status -z -uall [1ms]
2023-04-02 12:34:44.854 [info] > git config --get commit.template [8ms]
2023-04-02 12:34:44.854 [info] > git for-each-ref --format=%(refname)%00%(upstream:short)%00%(objectname)%00%(upstream:track)%00%(upstream:remotename)%00%(upstream:remoteref) refs/heads/master refs/remotes/master [1ms]
2023-04-02 12:34:44.865 [info] > git status -z -uall [3ms]
2023-04-02 12:43:23.564 [info] > git config --get commit.template [8ms]
2023-04-02 12:43:23.565 [info] > git for-each-ref --format=%(refname)%00%(upstream:short)%00%(objectname)%00%(upstream:track)%00%(upstream:remotename)%00%(upstream:remoteref) refs/heads/master refs/remotes/master [1ms]
2023-04-02 12:43:23.573 [info] > git status -z -uall [2ms]
2023-04-02 12:45:38.039 [info] > git config --get commit.template [8ms]
2023-04-02 12:45:38.039 [info] > git for-each-ref --format=%(refname)%00%(upstream:short)%00%(objectname)%00%(upstream:track)%00%(upstream:remotename)%00%(upstream:remoteref) refs/heads/master refs/remotes/master [1ms]
2023-04-02 12:45:38.048 [info] > git status -z -uall [1ms]
2023-04-02 12:46:59.456 [info] > git config --get commit.template [8ms]
2023-04-02 12:46:59.457 [info] > git for-each-ref --format=%(refname)%00%(upstream:short)%00%(objectname)%00%(upstream:track)%00%(upstream:remotename)%00%(upstream:remoteref) refs/heads/master refs/remotes/master [1ms]
2023-04-02 12:46:59.470 [info] > git status -z -uall [3ms]
2023-04-02 12:50:17.641 [info] > git config --get commit.template [8ms]
2023-04-02 12:50:17.642 [info] > git for-each-ref --format=%(refname)%00%(upstream:short)%00%(objectname)%00%(upstream:track)%00%(upstream:remotename)%00%(upstream:remoteref) refs/heads/master refs/remotes/master [1ms]
2023-04-02 12:50:17.654 [info] > git status -z -uall [2ms]
2023-04-02 12:51:31.890 [info] > git config --get commit.template [9ms]
2023-04-02 12:51:31.890 [info] > git for-each-ref --format=%(refname)%00%(upstream:short)%00%(objectname)%00%(upstream:track)%00%(upstream:remotename)%00%(upstream:remoteref) refs/heads/master refs/remotes/master [1ms]
2023-04-02 12:51:31.900 [info] > git status -z -uall [2ms]
2023-04-02 12:55:07.670 [info] > git config --get commit.template [10ms]
2023-04-02 12:55:07.671 [info] > git for-each-ref --format=%(refname)%00%(upstream:short)%00%(objectname)%00%(upstream:track)%00%(upstream:remotename)%00%(upstream:remoteref) refs/heads/master refs/remotes/master [1ms]
2023-04-02 12:55:07.681 [info] > git status -z -uall [1ms]
2023-04-02 12:56:41.039 [info] > git config --get commit.template [12ms]
2023-04-02 12:56:41.039 [info] > git for-each-ref --format=%(refname)%00%(upstream:short)%00%(objectname)%00%(upstream:track)%00%(upstream:remotename)%00%(upstream:remoteref) refs/heads/master refs/remotes/master [1ms]
2023-04-02 12:56:41.050 [info] > git status -z -uall [2ms]
2023-04-02 12:57:20.717 [info] > git config --get commit.template [8ms]
2023-04-02 12:57:20.719 [info] > git for-each-ref --format=%(refname)%00%(upstream:short)%00%(objectname)%00%(upstream:track)%00%(upstream:remotename)%00%(upstream:remoteref) refs/heads/master refs/remotes/master [2ms]
2023-04-02 12:57:20.729 [info] > git status -z -uall [2ms]
2023-04-02 12:57:29.916 [info] > git config --get commit.template [9ms]
2023-04-02 12:57:29.917 [info] > git for-each-ref --format=%(refname)%00%(upstream:short)%00%(objectname)%00%(upstream:track)%00%(upstream:remotename)%00%(upstream:remoteref) refs/heads/master refs/remotes/master [1ms]
2023-04-02 12:57:29.927 [info] > git status -z -uall [2ms]
2023-04-02 12:57:52.413 [info] > git config --get commit.template [6ms]
2023-04-02 12:57:52.414 [info] > git for-each-ref --format=%(refname)%00%(upstream:short)%00%(objectname)%00%(upstream:track)%00%(upstream:remotename)%00%(upstream:remoteref) refs/heads/master refs/remotes/master [1ms]
2023-04-02 12:57:52.421 [info] > git status -z -uall [1ms]
2023-04-02 12:59:24.172 [info] > git config --get commit.template [2ms]
2023-04-02 12:59:24.184 [info] > git for-each-ref --format=%(refname)%00%(upstream:short)%00%(objectname)%00%(upstream:track)%00%(upstream:remotename)%00%(upstream:remoteref) refs/heads/master refs/remotes/master [1ms]
2023-04-02 12:59:24.196 [info] > git status -z -uall [3ms]
2023-04-02 13:01:29.362 [info] > git config --get commit.template [6ms]
2023-04-02 13:01:29.363 [info] > git for-each-ref --format=%(refname)%00%(upstream:short)%00%(objectname)%00%(upstream:track)%00%(upstream:remotename)%00%(upstream:remoteref) refs/heads/master refs/remotes/master [1ms]
2023-04-02 13:01:29.372 [info] > git status -z -uall [2ms]
2023-04-02 13:04:47.887 [info] > git config --get commit.template [1ms]
2023-04-02 13:04:47.897 [info] > git for-each-ref --format=%(refname)%00%(upstream:short)%00%(objectname)%00%(upstream:track)%00%(upstream:remotename)%00%(upstream:remoteref) refs/heads/master refs/remotes/master [1ms]
2023-04-02 13:04:47.908 [info] > git status -z -uall [3ms]
2023-04-02 13:07:47.474 [info] > git show --textconv :src/scenes/global/Sidebar.jsx [10ms]
2023-04-02 13:07:47.475 [info] > git ls-files --stage -- /home/hellsing/Development/react-dashboard/src/scenes/global/Sidebar.jsx [2ms]
2023-04-02 13:07:47.486 [info] > git cat-file -s 03f1e4d27be09dce3be40bd258297126bb51cdc3 [3ms]
2023-04-02 13:08:16.999 [info] > git config --get commit.template [9ms]
2023-04-02 13:08:17.001 [info] > git for-each-ref --format=%(refname)%00%(upstream:short)%00%(objectname)%00%(upstream:track)%00%(upstream:remotename)%00%(upstream:remoteref) refs/heads/master refs/remotes/master [2ms]
2023-04-02 13:08:17.012 [info] > git status -z -uall [2ms]
2023-04-02 13:09:03.734 [info] > git show --textconv :src/components/LineChart.jsx [7ms]
2023-04-02 13:09:03.735 [info] > git ls-files --stage -- /home/hellsing/Development/react-dashboard/src/components/LineChart.jsx [1ms]
2023-04-02 13:09:03.743 [info] > git cat-file -s 89d22c9d3dfbac6f549d9c4e7705c34d34a8eab5 [1ms]
2023-04-02 13:10:39.394 [info] > git config --get commit.template [10ms]
2023-04-02 13:10:39.395 [info] > git for-each-ref --format=%(refname)%00%(upstream:short)%00%(objectname)%00%(upstream:track)%00%(upstream:remotename)%00%(upstream:remoteref) refs/heads/master refs/remotes/master [2ms]
2023-04-02 13:10:39.406 [info] > git status -z -uall [3ms]
2023-04-02 13:11:15.796 [info] > git show --textconv :src/data/mockData.js [10ms]
2023-04-02 13:11:15.797 [info] > git ls-files --stage -- /home/hellsing/Development/react-dashboard/src/data/mockData.js [2ms]
2023-04-02 13:11:15.806 [info] > git cat-file -s 31303549af6e27f72a5e6f62c9567bc91e18244a [1ms]
2023-04-02 13:16:09.226 [info] > git config --get commit.template [10ms]
2023-04-02 13:16:09.227 [info] > git for-each-ref --format=%(refname)%00%(upstream:short)%00%(objectname)%00%(upstream:track)%00%(upstream:remotename)%00%(upstream:remoteref) refs/heads/master refs/remotes/master [2ms]
2023-04-02 13:16:09.235 [info] > git status -z -uall [1ms]
2023-04-02 13:16:36.025 [info] > git config --get commit.template [9ms]
2023-04-02 13:16:36.026 [info] > git for-each-ref --format=%(refname)%00%(upstream:short)%00%(objectname)%00%(upstream:track)%00%(upstream:remotename)%00%(upstream:remoteref) refs/heads/master refs/remotes/master [2ms]
2023-04-02 13:16:36.034 [info] > git status -z -uall [1ms]
2023-04-02 13:22:29.310 [info] > git config --get commit.template [8ms]
2023-04-02 13:22:29.311 [info] > git for-each-ref --format=%(refname)%00%(upstream:short)%00%(objectname)%00%(upstream:track)%00%(upstream:remotename)%00%(upstream:remoteref) refs/heads/master refs/remotes/master [2ms]
2023-04-02 13:22:29.320 [info] > git status -z -uall [1ms]
2023-04-02 13:35:51.626 [info] > git config --get commit.template [8ms]
2023-04-02 13:35:51.627 [info] > git for-each-ref --format=%(refname)%00%(upstream:short)%00%(objectname)%00%(upstream:track)%00%(upstream:remotename)%00%(upstream:remoteref) refs/heads/master refs/remotes/master [1ms]
2023-04-02 13:35:51.638 [info] > git status -z -uall [2ms]
2023-04-02 13:36:22.524 [info] > git config --get commit.template [9ms]
2023-04-02 13:36:22.525 [info] > git for-each-ref --format=%(refname)%00%(upstream:short)%00%(objectname)%00%(upstream:track)%00%(upstream:remotename)%00%(upstream:remoteref) refs/heads/master refs/remotes/master [2ms]
2023-04-02 13:36:22.534 [info] > git status -z -uall [1ms]
2023-04-02 13:36:29.531 [info] > git config --get commit.template [7ms]
2023-04-02 13:36:29.532 [info] > git for-each-ref --format=%(refname)%00%(upstream:short)%00%(objectname)%00%(upstream:track)%00%(upstream:remotename)%00%(upstream:remoteref) refs/heads/master refs/remotes/master [1ms]
2023-04-02 13:36:29.542 [info] > git status -z -uall [3ms]
2023-04-02 13:36:45.276 [info] > git config --get commit.template [6ms]
2023-04-02 13:36:45.277 [info] > git for-each-ref --format=%(refname)%00%(upstream:short)%00%(objectname)%00%(upstream:track)%00%(upstream:remotename)%00%(upstream:remoteref) refs/heads/master refs/remotes/master [1ms]
2023-04-02 13:36:45.286 [info] > git status -z -uall [3ms]
2023-04-02 13:37:53.247 [info] > git config --get commit.template [9ms]
2023-04-02 13:37:53.247 [info] > git for-each-ref --format=%(refname)%00%(upstream:short)%00%(objectname)%00%(upstream:track)%00%(upstream:remotename)%00%(upstream:remoteref) refs/heads/master refs/remotes/master [1ms]
2023-04-02 13:37:53.256 [info] > git status -z -uall [1ms]
2023-04-02 13:52:19.821 [info] > git config --get commit.template [8ms]
2023-04-02 13:52:19.821 [info] > git for-each-ref --format=%(refname)%00%(upstream:short)%00%(objectname)%00%(upstream:track)%00%(upstream:remotename)%00%(upstream:remoteref) refs/heads/master refs/remotes/master [1ms]
2023-04-02 13:52:19.829 [info] > git status -z -uall [2ms]
2023-04-02 13:52:28.416 [info] > git config --get commit.template [0ms]
2023-04-02 13:52:28.428 [info] > git for-each-ref --format=%(refname)%00%(upstream:short)%00%(objectname)%00%(upstream:track)%00%(upstream:remotename)%00%(upstream:remoteref) refs/heads/master refs/remotes/master [2ms]
2023-04-02 13:52:28.439 [info] > git status -z -uall [2ms]
2023-04-02 13:54:07.752 [info] > git config --get commit.template [1ms]
2023-04-02 13:54:07.760 [info] > git for-each-ref --format=%(refname)%00%(upstream:short)%00%(objectname)%00%(upstream:track)%00%(upstream:remotename)%00%(upstream:remoteref) refs/heads/master refs/remotes/master [2ms]
2023-04-02 13:54:07.767 [info] > git status -z -uall [1ms]
2023-04-02 13:54:13.166 [info] > git config --get commit.template [2ms]
2023-04-02 13:54:13.175 [info] > git for-each-ref --format=%(refname)%00%(upstream:short)%00%(objectname)%00%(upstream:track)%00%(upstream:remotename)%00%(upstream:remoteref) refs/heads/master refs/remotes/master [1ms]
2023-04-02 13:54:13.184 [info] > git status -z -uall [1ms]
2023-04-02 13:54:14.339 [info] > git ls-files --stage -- /home/hellsing/Development/react-dashboard/src/components/LineChart.jsx [11ms]
2023-04-02 13:54:14.349 [info] > git ls-files --stage -- /home/hellsing/Development/react-dashboard/src/scenes/global/Sidebar.jsx [30ms]
2023-04-02 13:54:14.358 [info] > git ls-files --stage -- /home/hellsing/Development/react-dashboard/src/components/RadarChart.jsx [49ms]
2023-04-02 13:54:14.365 [info] > git ls-files --stage -- /home/hellsing/Development/react-dashboard/src/components/ProgressCircle.jsx [65ms]
2023-04-02 13:54:14.372 [info] > git ls-files --stage -- /home/hellsing/Development/react-dashboard/src/components/PieChart.jsx [81ms]
2023-04-02 13:54:14.380 [info] > git ls-files --stage -- /home/hellsing/Development/react-dashboard/src/scenes/dashboard/index.jsx [98ms]
2023-04-02 13:54:14.390 [info] > git cat-file -s 7bf0f915599dd4f93004cc76e37dd61f2c24855f [10ms]
2023-04-02 13:54:14.391 [info] > git cat-file -s 9233d55a78e66358ded7d93f4ba24830d2d39182 [20ms]
2023-04-02 13:54:14.391 [info] > git cat-file -s b576617f8c60f2fbcef78b77c36af6d0bee4752d [27ms]
2023-04-02 13:54:14.392 [info] > git cat-file -s 03f1e4d27be09dce3be40bd258297126bb51cdc3 [35ms]
2023-04-02 13:54:14.392 [info] > git cat-file -s 89d22c9d3dfbac6f549d9c4e7705c34d34a8eab5 [43ms]
2023-04-02 13:54:14.392 [info] > git ls-files --stage -- /home/hellsing/Development/react-dashboard/src/data/mockData.js [55ms]
2023-04-02 13:54:14.402 [info] > git cat-file -s b57e8f78b8c3131827934f81ff7c289aff6cd307 [12ms]
2023-04-02 13:54:14.403 [info] > git cat-file -s 31303549af6e27f72a5e6f62c9567bc91e18244a [3ms]
2023-04-02 13:54:14.470 [info] > git show --textconv :src/components/PieChart.jsx [57ms]
2023-04-02 13:54:14.470 [info] > git show --textconv :src/components/ProgressCircle.jsx [49ms]
2023-04-02 13:54:14.470 [info] > git show --textconv :src/components/RadarChart.jsx [39ms]
2023-04-02 13:54:14.470 [info] > git show --textconv :src/scenes/global/Sidebar.jsx [31ms]
2023-04-02 13:54:14.470 [info] > git show --textconv :src/components/LineChart.jsx [21ms]
2023-04-02 13:54:14.470 [info] > git show --textconv :src/scenes/dashboard/index.jsx [10ms]
2023-04-02 13:54:14.473 [info] > git show --textconv :src/data/mockData.js [4ms]
2023-04-02 13:54:19.299 [info] > git config --get commit.template [1ms]
2023-04-02 13:54:19.310 [info] > git for-each-ref --format=%(refname)%00%(upstream:short)%00%(objectname)%00%(upstream:track)%00%(upstream:remotename)%00%(upstream:remoteref) refs/heads/master refs/remotes/master [2ms]
2023-04-02 13:54:19.322 [info] > git status -z -uall [3ms]
2023-04-02 13:54:19.461 [info] > git ls-files --stage -- /home/hellsing/Development/react-dashboard/src/data/mockData.js [3ms]
2023-04-02 13:54:19.470 [info] > git ls-files --stage -- /home/hellsing/Development/react-dashboard/src/components/LineChart.jsx [23ms]
2023-04-02 13:54:19.477 [info] > git ls-files --stage -- /home/hellsing/Development/react-dashboard/src/scenes/global/Sidebar.jsx [40ms]
2023-04-02 13:54:19.486 [info] > git ls-files --stage -- /home/hellsing/Development/react-dashboard/src/components/RadarChart.jsx [58ms]
2023-04-02 13:54:19.495 [info] > git ls-files --stage -- /home/hellsing/Development/react-dashboard/src/components/ProgressCircle.jsx [77ms]
2023-04-02 13:54:19.503 [info] > git ls-files --stage -- /home/hellsing/Development/react-dashboard/src/components/PieChart.jsx [94ms]
2023-04-02 13:54:19.511 [info] > git ls-files --stage -- /home/hellsing/Development/react-dashboard/src/scenes/dashboard/index.jsx [110ms]
2023-04-02 13:54:19.522 [info] > git cat-file -s 3b7d336b33a196e851f12aa64d839e570fb97a42 [11ms]
2023-04-02 13:54:19.522 [info] > git cat-file -s 9233d55a78e66358ded7d93f4ba24830d2d39182 [19ms]
2023-04-02 13:54:19.523 [info] > git cat-file -s 473d29febad9d951a348504006ac42e3e9c877b9 [29ms]
2023-04-02 13:54:19.523 [info] > git cat-file -s b98d37cfb9cec324b2c988f2de54f468582a6723 [38ms]
2023-04-02 13:54:19.523 [info] > git cat-file -s fffda23be312ce9fbeafe8c73ddc348994dd4af4 [46ms]
2023-04-02 13:54:19.524 [info] > git cat-file -s 31303549af6e27f72a5e6f62c9567bc91e18244a [55ms]
2023-04-02 13:54:19.524 [info] > git cat-file -s 01127aaa3671f1bf493cc53e7952ed6fab3640be [5ms]
2023-04-02 13:54:19.588 [info] > git show --textconv :src/components/PieChart.jsx [51ms]
2023-04-02 13:54:19.588 [info] > git show --textconv :src/components/ProgressCircle.jsx [43ms]
2023-04-02 13:54:19.588 [info] > git show --textconv :src/components/RadarChart.jsx [33ms]
2023-04-02 13:54:19.588 [info] > git show --textconv :src/scenes/global/Sidebar.jsx [25ms]
2023-04-02 13:54:19.588 [info] > git show --textconv :src/components/LineChart.jsx [17ms]
2023-04-02 13:54:19.588 [info] > git show --textconv :src/data/mockData.js [9ms]
2023-04-02 13:54:19.588 [info] > git show --textconv :src/scenes/dashboard/index.jsx [1ms]
2023-04-02 13:54:54.779 [info] > git config --get commit.template [10ms]
2023-04-02 13:54:54.781 [info] > git for-each-ref --format=%(refname)%00%(upstream:short)%00%(objectname)%00%(upstream:track)%00%(upstream:remotename)%00%(upstream:remoteref) refs/heads/master refs/remotes/master [2ms]
2023-04-02 13:54:54.792 [info] > git status -z -uall [2ms]
2023-04-02 13:54:54.915 [info] > git ls-files --stage -- /home/hellsing/Development/react-dashboard/src/data/mockData.js [1ms]
2023-04-02 13:54:54.923 [info] > git ls-files --stage -- /home/hellsing/Development/react-dashboard/src/components/LineChart.jsx [16ms]
2023-04-02 13:54:54.930 [info] > git ls-files --stage -- /home/hellsing/Development/react-dashboard/src/scenes/global/Sidebar.jsx [29ms]
2023-04-02 13:54:54.936 [info] > git ls-files --stage -- /home/hellsing/Development/react-dashboard/src/components/RadarChart.jsx [41ms]
2023-04-02 13:54:54.942 [info] > git ls-files --stage -- /home/hellsing/Development/react-dashboard/src/components/ProgressCircle.jsx [55ms]
2023-04-02 13:54:54.949 [info] > git ls-files --stage -- /home/hellsing/Development/react-dashboard/src/components/PieChart.jsx [70ms]
2023-04-02 13:54:54.955 [info] > git ls-files --stage -- /home/hellsing/Development/react-dashboard/src/scenes/dashboard/index.jsx [83ms]
2023-04-02 13:54:54.962 [info] > git cat-file -s 3b7d336b33a196e851f12aa64d839e570fb97a42 [6ms]
2023-04-02 13:54:54.962 [info] > git cat-file -s 9233d55a78e66358ded7d93f4ba24830d2d39182 [13ms]
2023-04-02 13:54:54.962 [info] > git cat-file -s 473d29febad9d951a348504006ac42e3e9c877b9 [20ms]
2023-04-02 13:54:54.962 [info] > git cat-file -s b98d37cfb9cec324b2c988f2de54f468582a6723 [27ms]
2023-04-02 13:54:54.962 [info] > git cat-file -s fffda23be312ce9fbeafe8c73ddc348994dd4af4 [33ms]
2023-04-02 13:54:54.962 [info] > git cat-file -s 31303549af6e27f72a5e6f62c9567bc91e18244a [40ms]
2023-04-02 13:54:54.963 [info] > git cat-file -s 01127aaa3671f1bf493cc53e7952ed6fab3640be [2ms]
2023-04-02 13:54:55.014 [info] > git show --textconv :src/components/PieChart.jsx [42ms]
2023-04-02 13:54:55.014 [info] > git show --textconv :src/components/ProgressCircle.jsx [36ms]
2023-04-02 13:54:55.014 [info] > git show --textconv :src/components/RadarChart.jsx [30ms]
2023-04-02 13:54:55.014 [info] > git show --textconv :src/scenes/global/Sidebar.jsx [23ms]
2023-04-02 13:54:55.014 [info] > git show --textconv :src/components/LineChart.jsx [16ms]
2023-04-02 13:54:55.014 [info] > git show --textconv :src/data/mockData.js [9ms]
2023-04-02 13:54:55.014 [info] > git show --textconv :src/scenes/dashboard/index.jsx [1ms]
2023-04-02 13:55:11.488 [info] > git config --get commit.template [61ms]
2023-04-02 13:55:11.489 [info] > git ls-files --stage -- /home/hellsing/Development/react-dashboard/src/components/LineChart.jsx [10ms]
2023-04-02 13:55:11.497 [info] > git ls-files --stage -- /home/hellsing/Development/react-dashboard/src/scenes/global/Sidebar.jsx [28ms]
2023-04-02 13:55:11.506 [info] > git ls-files --stage -- /home/hellsing/Development/react-dashboard/src/components/RadarChart.jsx [46ms]
2023-04-02 13:55:11.513 [info] > git ls-files --stage -- /home/hellsing/Development/react-dashboard/src/components/ProgressCircle.jsx [62ms]
2023-04-02 13:55:11.519 [info] > git ls-files --stage -- /home/hellsing/Development/react-dashboard/src/components/PieChart.jsx [76ms]
2023-04-02 13:55:11.525 [info] > git ls-files --stage -- /home/hellsing/Development/react-dashboard/src/scenes/dashboard/index.jsx [89ms]
2023-04-02 13:55:11.540 [info] > git cat-file -s 3b7d336b33a196e851f12aa64d839e570fb97a42 [15ms]
2023-04-02 13:55:11.541 [info] > git cat-file -s 9233d55a78e66358ded7d93f4ba24830d2d39182 [22ms]
2023-04-02 13:55:11.541 [info] > git cat-file -s 473d29febad9d951a348504006ac42e3e9c877b9 [28ms]
2023-04-02 13:55:11.542 [info] > git cat-file -s b98d37cfb9cec324b2c988f2de54f468582a6723 [36ms]
2023-04-02 13:55:11.542 [info] > git cat-file -s fffda23be312ce9fbeafe8c73ddc348994dd4af4 [45ms]
2023-04-02 13:55:11.542 [info] > git ls-files --stage -- /home/hellsing/Development/react-dashboard/src/data/mockData.js [55ms]
2023-04-02 13:55:11.549 [info] > git for-each-ref --format=%(refname)%00%(upstream:short)%00%(objectname)%00%(upstream:track)%00%(upstream:remotename)%00%(upstream:remoteref) refs/heads/master refs/remotes/master [10ms]
2023-04-02 13:55:11.555 [info] > git cat-file -s 01127aaa3671f1bf493cc53e7952ed6fab3640be [22ms]
2023-04-02 13:55:11.587 [info] > git status -z -uall [33ms]
2023-04-02 13:55:11.587 [info] > git show --textconv :src/components/PieChart.jsx [26ms]
2023-04-02 13:55:11.587 [info] > git show --textconv :src/components/ProgressCircle.jsx [18ms]
2023-04-02 13:55:11.587 [info] > git show --textconv :src/components/RadarChart.jsx [12ms]
2023-04-02 13:55:11.587 [info] > git show --textconv :src/scenes/global/Sidebar.jsx [6ms]
2023-04-02 13:55:11.587 [info] > git cat-file -s 31303549af6e27f72a5e6f62c9567bc91e18244a [38ms]
2023-04-02 13:55:11.589 [info] > git show --textconv :src/components/LineChart.jsx [3ms]
2023-04-02 13:55:11.617 [info] > git show --textconv :src/scenes/dashboard/index.jsx [8ms]
2023-04-02 13:55:11.618 [info] > git show --textconv :src/data/mockData.js [1ms]
2023-04-02 13:58:26.771 [info] > git config --get commit.template [9ms]
2023-04-02 13:58:26.772 [info] > git for-each-ref --format=%(refname)%00%(upstream:short)%00%(objectname)%00%(upstream:track)%00%(upstream:remotename)%00%(upstream:remoteref) refs/heads/master refs/remotes/master [2ms]
2023-04-02 13:58:26.784 [info] > git status -z -uall [4ms]
2023-04-02 13:58:30.966 [info] > git show --textconv :src/data/mockGeoFeatures.js [8ms]
2023-04-02 13:58:30.967 [info] > git ls-files --stage -- /home/hellsing/Development/react-dashboard/src/data/mockGeoFeatures.js [2ms]
2023-04-02 13:58:30.976 [info] > git cat-file -s 58a223a2560d07dcdc64f8350b9efaa486e2dda5 [2ms]
2023-04-02 14:05:35.832 [info] > git check-ignore -v -z --stdin [1ms]
2023-04-02 14:05:47.061 [info] > git show --textconv :src/components/BarChart.jsx [10ms]
2023-04-02 14:05:47.064 [info] > git ls-files --stage -- /home/hellsing/Development/react-dashboard/src/components/BarChart.jsx [3ms]
2023-04-02 14:05:47.072 [info] > git cat-file -s 4a865949b1e8f7d977c676e01142716b465d7c08 [1ms]
2023-04-02 14:05:52.568 [info] > git show --textconv :src/components/BarChart copy.jsx [10ms]
2023-04-02 14:05:52.569 [info] > git ls-files --stage -- /home/hellsing/Development/react-dashboard/src/components/BarChart copy.jsx [1ms]
2023-04-02 14:05:52.848 [info] > git check-ignore -v -z --stdin [1ms]
2023-04-02 14:05:53.402 [info] > git config --get commit.template [7ms]
2023-04-02 14:05:53.402 [info] > git for-each-ref --format=%(refname)%00%(upstream:short)%00%(objectname)%00%(upstream:track)%00%(upstream:remotename)%00%(upstream:remoteref) refs/heads/master refs/remotes/master [1ms]
2023-04-02 14:05:53.411 [info] > git status -z -uall [2ms]
2023-04-02 14:06:24.041 [info] > git show --textconv :src/components/SuperBarChart.jsx [9ms]
2023-04-02 14:06:24.042 [info] > git ls-files --stage -- /home/hellsing/Development/react-dashboard/src/components/SuperBarChart.jsx [2ms]
2023-04-02 14:06:24.348 [info] > git check-ignore -v -z --stdin [1ms]
2023-04-02 14:06:24.817 [info] > git config --get commit.template [10ms]
2023-04-02 14:06:24.817 [info] > git for-each-ref --format=%(refname)%00%(upstream:short)%00%(objectname)%00%(upstream:track)%00%(upstream:remotename)%00%(upstream:remoteref) refs/heads/master refs/remotes/master [1ms]
2023-04-02 14:06:24.829 [info] > git status -z -uall [2ms]
2023-04-02 14:06:49.710 [info] > git config --get commit.template [11ms]
2023-04-02 14:06:49.710 [info] > git for-each-ref --format=%(refname)%00%(upstream:short)%00%(objectname)%00%(upstream:track)%00%(upstream:remotename)%00%(upstream:remoteref) refs/heads/master refs/remotes/master [1ms]
2023-04-02 14:06:49.719 [info] > git status -z -uall [1ms]
2023-04-02 14:09:31.082 [info] > git config --get commit.template [11ms]
2023-04-02 14:09:31.083 [info] > git for-each-ref --format=%(refname)%00%(upstream:short)%00%(objectname)%00%(upstream:track)%00%(upstream:remotename)%00%(upstream:remoteref) refs/heads/master refs/remotes/master [2ms]
2023-04-02 14:09:31.094 [info] > git status -z -uall [3ms]
2023-04-02 14:11:06.063 [info] > git show --textconv :src/components/StatBox.jsx [13ms]
2023-04-02 14:11:06.065 [info] > git ls-files --stage -- /home/hellsing/Development/react-dashboard/src/components/StatBox.jsx [4ms]
2023-04-02 14:11:06.079 [info] > git cat-file -s 91faee3b16895c58681915995c7fcd31edf26e3a [2ms]
2023-04-02 14:12:10.400 [info] > git config --get commit.template [8ms]
2023-04-02 14:12:10.400 [info] > git for-each-ref --format=%(refname)%00%(upstream:short)%00%(objectname)%00%(upstream:track)%00%(upstream:remotename)%00%(upstream:remoteref) refs/heads/master refs/remotes/master [1ms]
2023-04-02 14:12:10.407 [info] > git status -z -uall [1ms]
2023-04-02 14:12:25.999 [info] > git config --get commit.template [9ms]
2023-04-02 14:12:26.000 [info] > git for-each-ref --format=%(refname)%00%(upstream:short)%00%(objectname)%00%(upstream:track)%00%(upstream:remotename)%00%(upstream:remoteref) refs/heads/master refs/remotes/master [1ms]
2023-04-02 14:12:26.008 [info] > git status -z -uall [1ms]
2023-04-02 14:13:56.686 [info] > git config --get commit.template [9ms]
2023-04-02 14:13:56.686 [info] > git for-each-ref --format=%(refname)%00%(upstream:short)%00%(objectname)%00%(upstream:track)%00%(upstream:remotename)%00%(upstream:remoteref) refs/heads/master refs/remotes/master [1ms]
2023-04-02 14:13:56.698 [info] > git status -z -uall [2ms]
2023-04-02 14:14:54.786 [info] > git config --get commit.template [9ms]
2023-04-02 14:14:54.787 [info] > git for-each-ref --format=%(refname)%00%(upstream:short)%00%(objectname)%00%(upstream:track)%00%(upstream:remotename)%00%(upstream:remoteref) refs/heads/master refs/remotes/master [2ms]
2023-04-02 14:14:54.797 [info] > git status -z -uall [2ms]
2023-04-02 14:17:09.545 [info] > git config --get commit.template [8ms]
2023-04-02 14:17:09.545 [info] > git for-each-ref --format=%(refname)%00%(upstream:short)%00%(objectname)%00%(upstream:track)%00%(upstream:remotename)%00%(upstream:remoteref) refs/heads/master refs/remotes/master [1ms]
2023-04-02 14:17:09.557 [info] > git status -z -uall [3ms]
2023-04-02 14:18:19.866 [info] > git config --get commit.template [8ms]
2023-04-02 14:18:19.866 [info] > git for-each-ref --format=%(refname)%00%(upstream:short)%00%(objectname)%00%(upstream:track)%00%(upstream:remotename)%00%(upstream:remoteref) refs/heads/master refs/remotes/master [1ms]
2023-04-02 14:18:19.875 [info] > git status -z -uall [1ms]
2023-04-02 14:18:39.526 [info] > git config --get commit.template [8ms]
2023-04-02 14:18:39.526 [info] > git for-each-ref --format=%(refname)%00%(upstream:short)%00%(objectname)%00%(upstream:track)%00%(upstream:remotename)%00%(upstream:remoteref) refs/heads/master refs/remotes/master [1ms]
2023-04-02 14:18:39.534 [info] > git status -z -uall [1ms]
2023-04-02 14:18:55.136 [info] > git config --get commit.template [11ms]
2023-04-02 14:18:55.138 [info] > git for-each-ref --format=%(refname)%00%(upstream:short)%00%(objectname)%00%(upstream:track)%00%(upstream:remotename)%00%(upstream:remoteref) refs/heads/master refs/remotes/master [3ms]
2023-04-02 14:18:55.150 [info] > git status -z -uall [2ms]
2023-04-02 14:53:33.136 [info] > git config --get commit.template [11ms]
2023-04-02 14:53:33.137 [info] > git for-each-ref --format=%(refname)%00%(upstream:short)%00%(objectname)%00%(upstream:track)%00%(upstream:remotename)%00%(upstream:remoteref) refs/heads/master refs/remotes/master [1ms]
2023-04-02 14:53:33.149 [info] > git status -z -uall [3ms]
2023-04-02 15:19:57.435 [info] > git config --get commit.template [6ms]
2023-04-02 15:19:57.436 [info] > git for-each-ref --format=%(refname)%00%(upstream:short)%00%(objectname)%00%(upstream:track)%00%(upstream:remotename)%00%(upstream:remoteref) refs/heads/master refs/remotes/master [1ms]
2023-04-02 15:19:57.443 [info] > git status -z -uall [1ms]
2023-04-02 15:20:19.253 [info] > git config --get commit.template [7ms]
2023-04-02 15:20:19.253 [info] > git for-each-ref --format=%(refname)%00%(upstream:short)%00%(objectname)%00%(upstream:track)%00%(upstream:remotename)%00%(upstream:remoteref) refs/heads/master refs/remotes/master [1ms]
2023-04-02 15:20:19.262 [info] > git status -z -uall [1ms]
2023-04-02 15:25:02.800 [info] > git config --get commit.template [6ms]
2023-04-02 15:25:02.800 [info] > git for-each-ref --format=%(refname)%00%(upstream:short)%00%(objectname)%00%(upstream:track)%00%(upstream:remotename)%00%(upstream:remoteref) refs/heads/master refs/remotes/master [1ms]
2023-04-02 15:25:02.809 [info] > git status -z -uall [2ms]
2023-04-02 15:25:46.543 [info] > git config --get commit.template [6ms]
2023-04-02 15:25:46.543 [info] > git for-each-ref --format=%(refname)%00%(upstream:short)%00%(objectname)%00%(upstream:track)%00%(upstream:remotename)%00%(upstream:remoteref) refs/heads/master refs/remotes/master [1ms]
2023-04-02 15:25:46.551 [info] > git status -z -uall [1ms]
2023-04-02 15:26:07.981 [info] > git config --get commit.template [6ms]
2023-04-02 15:26:07.982 [info] > git for-each-ref --format=%(refname)%00%(upstream:short)%00%(objectname)%00%(upstream:track)%00%(upstream:remotename)%00%(upstream:remoteref) refs/heads/master refs/remotes/master [1ms]
2023-04-02 15:26:07.988 [info] > git status -z -uall [1ms]
2023-04-02 15:26:08.402 [info] > git show --textconv :README.md [19ms]
2023-04-02 15:26:08.403 [info] > git ls-files --stage -- /home/hellsing/Development/react-dashboard/README.md [10ms]
2023-04-02 15:26:08.414 [info] > git cat-file -s 419c5808064366b2295b335096b971a326443e19 [2ms]
2023-04-02 15:26:46.321 [info] > git config --get commit.template [10ms]
2023-04-02 15:26:46.322 [info] > git for-each-ref --format=%(refname)%00%(upstream:short)%00%(objectname)%00%(upstream:track)%00%(upstream:remotename)%00%(upstream:remoteref) refs/heads/master refs/remotes/master [2ms]
2023-04-02 15:26:46.330 [info] > git status -z -uall [1ms]
2023-04-02 15:27:42.963 [info] > git config --get commit.template [7ms]
2023-04-02 15:27:42.963 [info] > git for-each-ref --format=%(refname)%00%(upstream:short)%00%(objectname)%00%(upstream:track)%00%(upstream:remotename)%00%(upstream:remoteref) refs/heads/master refs/remotes/master [1ms]
2023-04-02 15:27:42.970 [info] > git status -z -uall [2ms]
2023-04-02 15:29:28.130 [info] > git config --get commit.template [8ms]
2023-04-02 15:29:28.131 [info] > git for-each-ref --format=%(refname)%00%(upstream:short)%00%(objectname)%00%(upstream:track)%00%(upstream:remotename)%00%(upstream:remoteref) refs/heads/master refs/remotes/master [0ms]
2023-04-02 15:29:28.140 [info] > git status -z -uall [1ms]
2023-04-02 15:32:34.950 [info] > git config --get commit.template [11ms]
2023-04-02 15:32:34.951 [info] > git for-each-ref --format=%(refname)%00%(upstream:short)%00%(objectname)%00%(upstream:track)%00%(upstream:remotename)%00%(upstream:remoteref) refs/heads/master refs/remotes/master [2ms]
2023-04-02 15:32:34.964 [info] > git status -z -uall [2ms]
2023-04-02 15:34:12.421 [info] > git config --get commit.template [10ms]
2023-04-02 15:34:12.422 [info] > git for-each-ref --format=%(refname)%00%(upstream:short)%00%(objectname)%00%(upstream:track)%00%(upstream:remotename)%00%(upstream:remoteref) refs/heads/master refs/remotes/master [0ms]
2023-04-02 15:34:12.433 [info] > git status -z -uall [3ms]
2023-04-02 15:34:26.807 [info] > git config --get commit.template [1ms]
2023-04-02 15:34:26.816 [info] > git for-each-ref --format=%(refname)%00%(upstream:short)%00%(objectname)%00%(upstream:track)%00%(upstream:remotename)%00%(upstream:remoteref) refs/heads/master refs/remotes/master [1ms]
2023-04-02 15:34:26.825 [info] > git status -z -uall [1ms]
2023-04-02 15:34:54.521 [info] > git config --get commit.template [8ms]
2023-04-02 15:34:54.521 [info] > git for-each-ref --format=%(refname)%00%(upstream:short)%00%(objectname)%00%(upstream:track)%00%(upstream:remotename)%00%(upstream:remoteref) refs/heads/master refs/remotes/master [1ms]
2023-04-02 15:34:54.530 [info] > git status -z -uall [2ms]
2023-04-02 15:39:35.534 [info] > git config --get commit.template [11ms]
2023-04-02 15:39:35.536 [info] > git for-each-ref --format=%(refname)%00%(upstream:short)%00%(objectname)%00%(upstream:track)%00%(upstream:remotename)%00%(upstream:remoteref) refs/heads/master refs/remotes/master [2ms]
2023-04-02 15:39:35.549 [info] > git status -z -uall [2ms]
2023-04-02 15:39:36.783 [info] > git ls-files --stage -- /home/hellsing/Development/react-dashboard/src/components/StatBox.jsx [38ms]
2023-04-02 15:39:36.791 [info] > git ls-files --stage -- /home/hellsing/Development/react-dashboard/src/components/SuperBarChart.jsx [56ms]
2023-04-02 15:39:36.800 [info] > git ls-files --stage -- /home/hellsing/Development/react-dashboard/src/components/BarChart.jsx [75ms]
2023-04-02 15:39:36.809 [info] > git ls-files --stage -- /home/hellsing/Development/react-dashboard/src/data/mockGeoFeatures.js [93ms]
2023-04-02 15:39:36.819 [info] > git ls-files --stage -- /home/hellsing/Development/react-dashboard/src/data/mockData.js [112ms]
2023-04-02 15:39:36.828 [info] > git ls-files --stage -- /home/hellsing/Development/react-dashboard/src/components/LineChart.jsx [131ms]
2023-04-02 15:39:36.838 [info] > git ls-files --stage -- /home/hellsing/Development/react-dashboard/src/scenes/global/Sidebar.jsx [152ms]
2023-04-02 15:39:36.849 [info] > git ls-files --stage -- /home/hellsing/Development/react-dashboard/src/components/RadarChart.jsx [173ms]
2023-04-02 15:39:36.857 [info] > git ls-files --stage -- /home/hellsing/Development/react-dashboard/src/components/ProgressCircle.jsx [193ms]
2023-04-02 15:39:36.865 [info] > git ls-files --stage -- /home/hellsing/Development/react-dashboard/src/components/PieChart.jsx [211ms]
2023-04-02 15:39:36.873 [info] > git ls-files --stage -- /home/hellsing/Development/react-dashboard/src/scenes/dashboard/index.jsx [230ms]
2023-04-02 15:39:36.886 [info] > git cat-file -s 3b7d336b33a196e851f12aa64d839e570fb97a42 [13ms]
2023-04-02 15:39:36.887 [info] > git cat-file -s 9233d55a78e66358ded7d93f4ba24830d2d39182 [22ms]
2023-04-02 15:39:36.887 [info] > git cat-file -s 473d29febad9d951a348504006ac42e3e9c877b9 [31ms]
2023-04-02 15:39:36.887 [info] > git cat-file -s b98d37cfb9cec324b2c988f2de54f468582a6723 [39ms]
2023-04-02 15:39:36.887 [info] > git cat-file -s b1841381ff034105688cb4f685695a0594c215aa [49ms]
2023-04-02 15:39:36.888 [info] > git cat-file -s 548c588dce7215fb650a7220f13878ee75327515 [60ms]
2023-04-02 15:39:36.888 [info] > git cat-file -s 58a223a2560d07dcdc64f8350b9efaa486e2dda5 [69ms]
2023-04-02 15:39:36.888 [info] > git cat-file -s 4a865949b1e8f7d977c676e01142716b465d7c08 [79ms]
2023-04-02 15:39:36.889 [info] > git cat-file -s ce24a0797bd9866d384124f1b949697f7f89cfba [88ms]
2023-04-02 15:39:36.889 [info] > git cat-file -s 91faee3b16895c58681915995c7fcd31edf26e3a [98ms]
2023-04-02 15:39:36.889 [info] > git ls-files --stage -- /home/hellsing/Development/react-dashboard/README.md [109ms]
2023-04-02 15:39:36.900 [info] > git cat-file -s e8873f408730dace5333ab7d040f7e28406abe13 [16ms]
2023-04-02 15:39:36.901 [info] > git cat-file -s 419c5808064366b2295b335096b971a326443e19 [2ms]
2023-04-02 15:39:37.024 [info] > git show --textconv :src/components/PieChart.jsx [111ms]
2023-04-02 15:39:37.024 [info] > git show --textconv :src/components/ProgressCircle.jsx [100ms]
2023-04-02 15:39:37.024 [info] > git show --textconv :src/components/RadarChart.jsx [92ms]
2023-04-02 15:39:37.024 [info] > git show --textconv :src/scenes/global/Sidebar.jsx [83ms]
2023-04-02 15:39:37.024 [info] > git show --textconv :src/components/LineChart.jsx [72ms]
2023-04-02 15:39:37.024 [info] > git show --textconv :src/data/mockData.js [63ms]
2023-04-02 15:39:37.024 [info] > git show --textconv :src/components/BarChart.jsx [43ms]
2023-04-02 15:39:37.024 [info] > git show --textconv :src/components/SuperBarChart.jsx [32ms]
2023-04-02 15:39:37.024 [info] > git show --textconv :src/components/StatBox.jsx [23ms]
2023-04-02 15:39:37.024 [info] > git show --textconv :src/scenes/dashboard/index.jsx [10ms]
2023-04-02 15:39:37.024 [info] > git show --textconv :src/data/mockGeoFeatures.js [53ms]
2023-04-02 15:39:37.024 [info] > git show --textconv :README.md [1ms]
2023-04-02 15:39:45.816 [info] > git config --get commit.template [10ms]
2023-04-02 15:39:45.818 [info] > git for-each-ref --format=%(refname)%00%(upstream:short)%00%(objectname)%00%(upstream:track)%00%(upstream:remotename)%00%(upstream:remoteref) refs/heads/master refs/remotes/master [2ms]
2023-04-02 15:39:45.830 [info] > git status -z -uall [2ms]
2023-04-02 15:39:46.031 [info] > git ls-files --stage -- /home/hellsing/Development/react-dashboard/src/components/StatBox.jsx [11ms]
2023-04-02 15:39:46.038 [info] > git ls-files --stage -- /home/hellsing/Development/react-dashboard/src/components/SuperBarChart.jsx [26ms]
2023-04-02 15:39:46.045 [info] > git ls-files --stage -- /home/hellsing/Development/react-dashboard/src/components/BarChart.jsx [40ms]
2023-04-02 15:39:46.050 [info] > git ls-files --stage -- /home/hellsing/Development/react-dashboard/src/data/mockGeoFeatures.js [53ms]
2023-04-02 15:39:46.056 [info] > git ls-files --stage -- /home/hellsing/Development/react-dashboard/src/data/mockData.js [67ms]
2023-04-02 15:39:46.062 [info] > git ls-files --stage -- /home/hellsing/Development/react-dashboard/src/components/LineChart.jsx [83ms]
2023-04-02 15:39:46.070 [info] > git ls-files --stage -- /home/hellsing/Development/react-dashboard/src/scenes/global/Sidebar.jsx [98ms]
2023-04-02 15:39:46.079 [info] > git ls-files --stage -- /home/hellsing/Development/react-dashboard/src/components/RadarChart.jsx [116ms]
2023-04-02 15:39:46.086 [info] > git ls-files --stage -- /home/hellsing/Development/react-dashboard/src/components/ProgressCircle.jsx [133ms]
2023-04-02 15:39:46.093 [info] > git ls-files --stage -- /home/hellsing/Development/react-dashboard/src/components/PieChart.jsx [149ms]
2023-04-02 15:39:46.100 [info] > git ls-files --stage -- /home/hellsing/Development/react-dashboard/src/scenes/dashboard/index.jsx [166ms]
2023-04-02 15:39:46.108 [info] > git cat-file -s 3b7d336b33a196e851f12aa64d839e570fb97a42 [8ms]
2023-04-02 15:39:46.109 [info] > git cat-file -s 9233d55a78e66358ded7d93f4ba24830d2d39182 [17ms]
2023-04-02 15:39:46.109 [info] > git cat-file -s 473d29febad9d951a348504006ac42e3e9c877b9 [23ms]
2023-04-02 15:39:46.109 [info] > git cat-file -s b98d37cfb9cec324b2c988f2de54f468582a6723 [31ms]
2023-04-02 15:39:46.109 [info] > git cat-file -s b1841381ff034105688cb4f685695a0594c215aa [39ms]
2023-04-02 15:39:46.110 [info] > git cat-file -s 548c588dce7215fb650a7220f13878ee75327515 [47ms]
2023-04-02 15:39:46.110 [info] > git cat-file -s 58a223a2560d07dcdc64f8350b9efaa486e2dda5 [54ms]
2023-04-02 15:39:46.110 [info] > git cat-file -s 4a865949b1e8f7d977c676e01142716b465d7c08 [60ms]
2023-04-02 15:39:46.110 [info] > git cat-file -s ce24a0797bd9866d384124f1b949697f7f89cfba [66ms]
2023-04-02 15:39:46.110 [info] > git cat-file -s 91faee3b16895c58681915995c7fcd31edf26e3a [72ms]
2023-04-02 15:39:46.110 [info] > git ls-files --stage -- /home/hellsing/Development/react-dashboard/README.md [81ms]
2023-04-02 15:39:46.117 [info] > git cat-file -s e8873f408730dace5333ab7d040f7e28406abe13 [10ms]
2023-04-02 15:39:46.118 [info] > git cat-file -s 419c5808064366b2295b335096b971a326443e19 [1ms]
2023-04-02 15:39:46.211 [info] > git show --textconv :src/components/PieChart.jsx [83ms]
2023-04-02 15:39:46.212 [info] > git show --textconv :src/components/ProgressCircle.jsx [78ms]
2023-04-02 15:39:46.212 [info] > git show --textconv :src/components/RadarChart.jsx [71ms]
2023-04-02 15:39:46.212 [info] > git show --textconv :src/scenes/global/Sidebar.jsx [64ms]
2023-04-02 15:39:46.212 [info] > git show --textconv :src/components/LineChart.jsx [55ms]
2023-04-02 15:39:46.212 [info] > git show --textconv :src/data/mockData.js [48ms]
2023-04-02 15:39:46.212 [info] > git show --textconv :src/components/BarChart.jsx [33ms]
2023-04-02 15:39:46.212 [info] > git show --textconv :src/components/SuperBarChart.jsx [26ms]
2023-04-02 15:39:46.212 [info] > git show --textconv :src/components/StatBox.jsx [19ms]
2023-04-02 15:39:46.212 [info] > git show --textconv :src/scenes/dashboard/index.jsx [11ms]
2023-04-02 15:39:46.212 [info] > git show --textconv :src/data/mockGeoFeatures.js [40ms]
2023-04-02 15:39:46.213 [info] > git show --textconv :README.md [3ms]
2023-04-02 15:39:52.011 [info] > git config --get commit.template [2ms]
2023-04-02 15:39:52.020 [info] > git for-each-ref --format=%(refname)%00%(upstream:short)%00%(objectname)%00%(upstream:track)%00%(upstream:remotename)%00%(upstream:remoteref) refs/heads/master refs/remotes/master [1ms]
2023-04-02 15:39:52.033 [info] > git status -z -uall [2ms]
2023-04-02 15:39:52.218 [info] > git ls-files --stage -- /home/hellsing/Development/react-dashboard/src/components/StatBox.jsx [12ms]
2023-04-02 15:39:52.225 [info] > git ls-files --stage -- /home/hellsing/Development/react-dashboard/src/components/SuperBarChart.jsx [29ms]
2023-04-02 15:39:52.235 [info] > git ls-files --stage -- /home/hellsing/Development/react-dashboard/src/components/BarChart.jsx [47ms]
2023-04-02 15:39:52.243 [info] > git ls-files --stage -- /home/hellsing/Development/react-dashboard/src/data/mockGeoFeatures.js [64ms]
2023-04-02 15:39:52.252 [info] > git ls-files --stage -- /home/hellsing/Development/react-dashboard/src/data/mockData.js [83ms]
2023-04-02 15:39:52.260 [info] > git ls-files --stage -- /home/hellsing/Development/react-dashboard/src/components/LineChart.jsx [101ms]
2023-04-02 15:39:52.270 [info] > git ls-files --stage -- /home/hellsing/Development/react-dashboard/src/scenes/global/Sidebar.jsx [121ms]
2023-04-02 15:39:52.280 [info] > git ls-files --stage -- /home/hellsing/Development/react-dashboard/src/components/RadarChart.jsx [140ms]
2023-04-02 15:39:52.287 [info] > git ls-files --stage -- /home/hellsing/Development/react-dashboard/src/components/ProgressCircle.jsx [157ms]
2023-04-02 15:39:52.296 [info] > git ls-files --stage -- /home/hellsing/Development/react-dashboard/src/components/PieChart.jsx [175ms]
2023-04-02 15:39:52.305 [info] > git ls-files --stage -- /home/hellsing/Development/react-dashboard/src/scenes/dashboard/index.jsx [194ms]
2023-04-02 15:39:52.315 [info] > git cat-file -s 3b7d336b33a196e851f12aa64d839e570fb97a42 [10ms]
2023-04-02 15:39:52.316 [info] > git cat-file -s 9233d55a78e66358ded7d93f4ba24830d2d39182 [20ms]
2023-04-02 15:39:52.316 [info] > git cat-file -s 473d29febad9d951a348504006ac42e3e9c877b9 [29ms]
2023-04-02 15:39:52.316 [info] > git cat-file -s b98d37cfb9cec324b2c988f2de54f468582a6723 [37ms]
2023-04-02 15:39:52.316 [info] > git cat-file -s b1841381ff034105688cb4f685695a0594c215aa [47ms]
2023-04-02 15:39:52.317 [info] > git cat-file -s 548c588dce7215fb650a7220f13878ee75327515 [57ms]
2023-04-02 15:39:52.317 [info] > git cat-file -s 58a223a2560d07dcdc64f8350b9efaa486e2dda5 [65ms]
2023-04-02 15:39:52.317 [info] > git cat-file -s 4a865949b1e8f7d977c676e01142716b465d7c08 [75ms]
2023-04-02 15:39:52.317 [info] > git cat-file -s ce24a0797bd9866d384124f1b949697f7f89cfba [83ms]
2023-04-02 15:39:52.318 [info] > git cat-file -s 91faee3b16895c58681915995c7fcd31edf26e3a [93ms]
2023-04-02 15:39:52.318 [info] > git ls-files --stage -- /home/hellsing/Development/react-dashboard/README.md [102ms]
2023-04-02 15:39:52.326 [info] > git cat-file -s e8873f408730dace5333ab7d040f7e28406abe13 [14ms]
2023-04-02 15:39:52.327 [info] > git cat-file -s 419c5808064366b2295b335096b971a326443e19 [1ms]
2023-04-02 15:39:52.419 [info] > git show --textconv :src/components/PieChart.jsx [83ms]
2023-04-02 15:39:52.419 [info] > git show --textconv :src/components/ProgressCircle.jsx [76ms]
2023-04-02 15:39:52.420 [info] > git show --textconv :src/components/RadarChart.jsx [67ms]
2023-04-02 15:39:52.420 [info] > git show --textconv :src/scenes/global/Sidebar.jsx [61ms]
2023-04-02 15:39:52.420 [info] > git show --textconv :src/components/LineChart.jsx [52ms]
2023-04-02 15:39:52.420 [info] > git show --textconv :src/data/mockData.js [44ms]
2023-04-02 15:39:52.420 [info] > git show --textconv :src/data/mockGeoFeatures.js [35ms]
2023-04-02 15:39:52.420 [info] > git show --textconv :src/components/BarChart.jsx [28ms]
2023-04-02 15:39:52.420 [info] > git show --textconv :src/components/SuperBarChart.jsx [20ms]
2023-04-02 15:39:52.420 [info] > git show --textconv :src/components/StatBox.jsx [14ms]
2023-04-02 15:39:52.420 [info] > git show --textconv :src/scenes/dashboard/index.jsx [7ms]
2023-04-02 15:39:52.420 [info] > git show --textconv :README.md [2ms]
2023-04-02 17:30:20.392 [info] > git ls-files --stage -- /home/hellsing/Development/react-dashboard/src/components/StatBox.jsx [10ms]
2023-04-02 17:30:20.400 [info] > git ls-files --stage -- /home/hellsing/Development/react-dashboard/src/components/SuperBarChart.jsx [25ms]
2023-04-02 17:30:20.407 [info] > git ls-files --stage -- /home/hellsing/Development/react-dashboard/src/components/BarChart.jsx [40ms]
2023-04-02 17:30:20.415 [info] > git ls-files --stage -- /home/hellsing/Development/react-dashboard/src/data/mockGeoFeatures.js [55ms]
2023-04-02 17:30:20.422 [info] > git ls-files --stage -- /home/hellsing/Development/react-dashboard/src/data/mockData.js [70ms]
2023-04-02 17:30:20.429 [info] > git ls-files --stage -- /home/hellsing/Development/react-dashboard/src/components/LineChart.jsx [89ms]
2023-04-02 17:30:20.438 [info] > git ls-files --stage -- /home/hellsing/Development/react-dashboard/src/scenes/global/Sidebar.jsx [112ms]
2023-04-02 17:30:20.446 [info] > git ls-files --stage -- /home/hellsing/Development/react-dashboard/src/components/RadarChart.jsx [132ms]
2023-04-02 17:30:20.453 [info] > git ls-files --stage -- /home/hellsing/Development/react-dashboard/src/components/ProgressCircle.jsx [155ms]
2023-04-02 17:30:20.460 [info] > git ls-files --stage -- /home/hellsing/Development/react-dashboard/src/components/PieChart.jsx [177ms]
2023-04-02 17:30:20.468 [info] > git ls-files --stage -- /home/hellsing/Development/react-dashboard/src/scenes/dashboard/index.jsx [199ms]
2023-04-02 17:30:20.475 [info] > git config --get commit.template [219ms]
2023-04-02 17:30:20.484 [info] > git cat-file -s 3b7d336b33a196e851f12aa64d839e570fb97a42 [16ms]
2023-04-02 17:30:20.485 [info] > git cat-file -s 9233d55a78e66358ded7d93f4ba24830d2d39182 [25ms]
2023-04-02 17:30:20.486 [info] > git cat-file -s 473d29febad9d951a348504006ac42e3e9c877b9 [34ms]
2023-04-02 17:30:20.486 [info] > git cat-file -s b98d37cfb9cec324b2c988f2de54f468582a6723 [41ms]
2023-04-02 17:30:20.486 [info] > git cat-file -s b1841381ff034105688cb4f685695a0594c215aa [49ms]
2023-04-02 17:30:20.487 [info] > git cat-file -s 548c588dce7215fb650a7220f13878ee75327515 [58ms]
2023-04-02 17:30:20.487 [info] > git cat-file -s 58a223a2560d07dcdc64f8350b9efaa486e2dda5 [66ms]
2023-04-02 17:30:20.487 [info] > git cat-file -s 4a865949b1e8f7d977c676e01142716b465d7c08 [73ms]
2023-04-02 17:30:20.487 [info] > git cat-file -s ce24a0797bd9866d384124f1b949697f7f89cfba [80ms]
2023-04-02 17:30:20.487 [info] > git cat-file -s 91faee3b16895c58681915995c7fcd31edf26e3a [87ms]
2023-04-02 17:30:20.487 [info] > git ls-files --stage -- /home/hellsing/Development/react-dashboard/README.md [96ms]
2023-04-02 17:30:20.495 [info] > git for-each-ref --format=%(refname)%00%(upstream:short)%00%(objectname)%00%(upstream:track)%00%(upstream:remotename)%00%(upstream:remoteref) refs/heads/master refs/remotes/master [12ms]
2023-04-02 17:30:20.503 [info] > git cat-file -s e8873f408730dace5333ab7d040f7e28406abe13 [28ms]
2023-04-02 17:30:20.582 [info] > git status -z -uall [79ms]
2023-04-02 17:30:20.582 [info] > git show --textconv :src/components/PieChart.jsx [71ms]
2023-04-02 17:30:20.582 [info] > git show --textconv :src/components/ProgressCircle.jsx [64ms]
2023-04-02 17:30:20.582 [info] > git show --textconv :src/components/RadarChart.jsx [56ms]
2023-04-02 17:30:20.582 [info] > git show --textconv :src/scenes/global/Sidebar.jsx [48ms]
2023-04-02 17:30:20.582 [info] > git show --textconv :src/components/LineChart.jsx [41ms]
2023-04-02 17:30:20.582 [info] > git show --textconv :src/data/mockData.js [33ms]
2023-04-02 17:30:20.582 [info] > git show --textconv :src/components/BarChart.jsx [16ms]
2023-04-02 17:30:20.582 [info] > git show --textconv :src/components/SuperBarChart.jsx [9ms]
2023-04-02 17:30:20.582 [info] > git cat-file -s 419c5808064366b2295b335096b971a326443e19 [88ms]
2023-04-02 17:30:20.583 [info] > git show --textconv :src/components/StatBox.jsx [2ms]
2023-04-02 17:30:20.604 [info] > git show --textconv :src/data/mockGeoFeatures.js [45ms]
2023-04-02 17:30:20.604 [info] > git show --textconv :src/scenes/dashboard/index.jsx [9ms]
2023-04-02 17:30:20.604 [info] > git show --textconv :README.md [1ms]
