2023-04-01 13:09:23.159 [info] Log level: Info
2023-04-01 13:09:23.159 [info] Validating found git in: "git"
2023-04-01 13:09:23.159 [info] Using git "2.40.0" from "git"
2023-04-01 13:09:23.165 [info] > git rev-parse --show-toplevel [8ms]
2023-04-01 13:09:23.181 [info] > git rev-parse --git-dir --git-common-dir [8ms]
2023-04-01 13:09:23.193 [info] Open repository: /home/hellsing/Development/react-dashboard
2023-04-01 13:09:23.212 [info] > git rev-parse --show-toplevel [12ms]
2023-04-01 13:09:23.221 [info] > git config --get commit.template [7ms]
2023-04-01 13:09:23.221 [info] > git rev-parse --show-toplevel [3ms]
2023-04-01 13:09:23.229 [info] > git for-each-ref --format=%(refname)%00%(upstream:short)%00%(objectname)%00%(upstream:track)%00%(upstream:remotename)%00%(upstream:remoteref) refs/heads/master refs/remotes/master [1ms]
2023-04-01 13:09:23.292 [info] > git status -z -uall [56ms]
2023-04-01 13:09:23.359 [info] > git config --get commit.template [4ms]
2023-04-01 13:09:23.371 [info] > git for-each-ref --format=%(refname)%00%(upstream:short)%00%(objectname)%00%(upstream:track)%00%(upstream:remotename)%00%(upstream:remoteref) refs/heads/master refs/remotes/master [3ms]
2023-04-01 13:09:23.384 [info] > git status -z -uall [5ms]
2023-04-01 13:09:23.551 [info] > git show --textconv :README.md [10ms]
2023-04-01 13:09:23.553 [info] > git ls-files --stage -- /home/hellsing/Development/react-dashboard/README.md [2ms]
2023-04-01 13:09:23.565 [info] > git cat-file -s 419c5808064366b2295b335096b971a326443e19 [2ms]
2023-04-01 13:09:23.716 [info] > git check-ignore -v -z --stdin [3ms]
2023-04-01 13:09:25.545 [info] > git ls-files --stage -- /home/hellsing/Development/react-dashboard/yarn.lock [1ms]
2023-04-01 13:09:25.554 [info] > git show --textconv :yarn.lock [18ms]
2023-04-01 13:09:25.554 [info] > git cat-file -s f0c93bbf13591e1f71fc84e09206e90f58f649a4 [2ms]
2023-04-01 13:09:34.434 [info] > git ls-files --stage -- /home/hellsing/Development/react-dashboard/package-lock.json [1ms]
2023-04-01 13:09:34.446 [info] > git cat-file -s e69eb9d9b476257e0ee1434c310bd73c714de65b [2ms]
2023-04-01 13:09:34.447 [info] > git show --textconv :package-lock.json [25ms]
2023-04-01 13:09:41.813 [info] > git check-ignore -v -z --stdin [2ms]
2023-04-01 13:09:44.322 [info] > git check-ignore -v -z --stdin [2ms]
2023-04-01 13:09:48.070 [info] > git check-ignore -v -z --stdin [2ms]
2023-04-01 13:09:51.293 [info] > git check-ignore -v -z --stdin [2ms]
2023-04-01 13:09:52.756 [info] > git show --textconv :src/scenes/pie/index.jsx [18ms]
2023-04-01 13:09:52.757 [info] > git ls-files --stage -- /home/hellsing/Development/react-dashboard/src/scenes/pie/index.jsx [8ms]
2023-04-01 13:09:52.770 [info] > git cat-file -s 95e2e2b4ac42d4410961ee10cc5dadc20826397a [1ms]
2023-04-01 13:09:58.376 [info] > git check-ignore -v -z --stdin [1ms]
2023-04-01 13:09:59.210 [info] > git show --textconv :src/scenes/dashboard/index.jsx [18ms]
2023-04-01 13:09:59.210 [info] > git ls-files --stage -- /home/hellsing/Development/react-dashboard/src/scenes/dashboard/index.jsx [5ms]
2023-04-01 13:09:59.228 [info] > git cat-file -s b57e8f78b8c3131827934f81ff7c289aff6cd307 [4ms]
2023-04-01 13:10:12.080 [info] > git check-ignore -v -z --stdin [1ms]
2023-04-01 13:10:17.526 [info] > git show --textconv :src/components/BarChart.jsx [15ms]
2023-04-01 13:10:17.528 [info] > git ls-files --stage -- /home/hellsing/Development/react-dashboard/src/components/BarChart.jsx [3ms]
2023-04-01 13:10:17.540 [info] > git cat-file -s 67250635bc763071241120d7dab028ffa0a0f6d9 [2ms]
2023-04-01 13:10:22.098 [info] > git show --textconv :src/components/PieChart.jsx [16ms]
2023-04-01 13:10:22.098 [info] > git ls-files --stage -- /home/hellsing/Development/react-dashboard/src/components/PieChart.jsx [3ms]
2023-04-01 13:10:22.116 [info] > git cat-file -s 7bf0f915599dd4f93004cc76e37dd61f2c24855f [3ms]
2023-04-01 13:10:50.927 [info] > git check-ignore -v -z --stdin [1ms]
2023-04-01 13:10:53.362 [info] > git show --textconv :src/data/mockData.js [21ms]
2023-04-01 13:10:53.365 [info] > git ls-files --stage -- /home/hellsing/Development/react-dashboard/src/data/mockData.js [9ms]
2023-04-01 13:10:53.380 [info] > git cat-file -s 31303549af6e27f72a5e6f62c9567bc91e18244a [2ms]
2023-04-01 13:11:46.687 [info] > git config --get commit.template [1ms]
2023-04-01 13:11:46.704 [info] > git for-each-ref --format=%(refname)%00%(upstream:short)%00%(objectname)%00%(upstream:track)%00%(upstream:remotename)%00%(upstream:remoteref) refs/heads/master refs/remotes/master [3ms]
2023-04-01 13:11:46.721 [info] > git status -z -uall [2ms]
2023-04-01 13:12:17.209 [info] > git check-ignore -v -z --stdin [2ms]
2023-04-01 13:12:17.979 [info] > git show --textconv :src/scenes/bar/index.jsx [13ms]
2023-04-01 13:12:17.981 [info] > git ls-files --stage -- /home/hellsing/Development/react-dashboard/src/scenes/bar/index.jsx [2ms]
2023-04-01 13:12:17.993 [info] > git cat-file -s ecf6014ae91907801c14438e90e48850fa0f2e40 [2ms]
2023-04-01 13:12:29.519 [info] > git check-ignore -v -z --stdin [1ms]
2023-04-01 13:12:51.752 [info] > git check-ignore -v -z --stdin [1ms]
2023-04-01 13:12:53.105 [info] > git show --textconv :src/scenes/global/Sidebar.jsx [13ms]
2023-04-01 13:12:53.107 [info] > git ls-files --stage -- /home/hellsing/Development/react-dashboard/src/scenes/global/Sidebar.jsx [3ms]
2023-04-01 13:12:53.121 [info] > git cat-file -s 03f1e4d27be09dce3be40bd258297126bb51cdc3 [2ms]
2023-04-01 13:13:09.433 [info] > git config --get commit.template [13ms]
2023-04-01 13:13:09.434 [info] > git for-each-ref --format=%(refname)%00%(upstream:short)%00%(objectname)%00%(upstream:track)%00%(upstream:remotename)%00%(upstream:remoteref) refs/heads/master refs/remotes/master [3ms]
2023-04-01 13:13:09.449 [info] > git status -z -uall [3ms]
2023-04-01 13:14:32.737 [info] > git show --textconv :src/scenes/global/Topbar.jsx [14ms]
2023-04-01 13:14:32.739 [info] > git ls-files --stage -- /home/hellsing/Development/react-dashboard/src/scenes/global/Topbar.jsx [4ms]
2023-04-01 13:14:32.753 [info] > git cat-file -s 216923b01cf42c11a1b9483a64eb91d9d0ddd88a [2ms]
2023-04-01 13:14:39.894 [info] > git show --textconv :src/scenes/pie/index.jsx [15ms]
2023-04-01 13:14:39.896 [info] > git ls-files --stage -- /home/hellsing/Development/react-dashboard/src/scenes/pie/index.jsx [3ms]
2023-04-01 13:14:39.910 [info] > git cat-file -s 95e2e2b4ac42d4410961ee10cc5dadc20826397a [2ms]
2023-04-01 13:15:21.807 [info] > git config --get commit.template [10ms]
2023-04-01 13:15:21.808 [info] > git for-each-ref --format=%(refname)%00%(upstream:short)%00%(objectname)%00%(upstream:track)%00%(upstream:remotename)%00%(upstream:remoteref) refs/heads/master refs/remotes/master [2ms]
2023-04-01 13:15:21.820 [info] > git status -z -uall [2ms]
2023-04-01 13:17:24.923 [info] > git config --get commit.template [7ms]
2023-04-01 13:17:24.924 [info] > git for-each-ref --format=%(refname)%00%(upstream:short)%00%(objectname)%00%(upstream:track)%00%(upstream:remotename)%00%(upstream:remoteref) refs/heads/master refs/remotes/master [1ms]
2023-04-01 13:17:24.933 [info] > git status -z -uall [2ms]
2023-04-01 13:17:40.683 [info] > git show --textconv :src/components/BarChart.jsx [13ms]
2023-04-01 13:17:40.686 [info] > git ls-files --stage -- /home/hellsing/Development/react-dashboard/src/components/BarChart.jsx [4ms]
2023-04-01 13:17:40.698 [info] > git cat-file -s 67250635bc763071241120d7dab028ffa0a0f6d9 [2ms]
2023-04-01 13:18:05.683 [info] > git show --textconv :src/data/mockData.js [13ms]
2023-04-01 13:18:05.684 [info] > git ls-files --stage -- /home/hellsing/Development/react-dashboard/src/data/mockData.js [2ms]
2023-04-01 13:18:05.699 [info] > git cat-file -s 31303549af6e27f72a5e6f62c9567bc91e18244a [3ms]
2023-04-01 13:20:09.912 [info] > git config --get commit.template [11ms]
2023-04-01 13:20:09.913 [info] > git for-each-ref --format=%(refname)%00%(upstream:short)%00%(objectname)%00%(upstream:track)%00%(upstream:remotename)%00%(upstream:remoteref) refs/heads/master refs/remotes/master [3ms]
2023-04-01 13:20:09.926 [info] > git status -z -uall [2ms]
2023-04-01 13:27:20.807 [info] > git show --textconv :src/scenes/dashboard/index.jsx [14ms]
2023-04-01 13:27:20.808 [info] > git ls-files --stage -- /home/hellsing/Development/react-dashboard/src/scenes/dashboard/index.jsx [3ms]
2023-04-01 13:27:20.823 [info] > git cat-file -s b57e8f78b8c3131827934f81ff7c289aff6cd307 [1ms]
2023-04-01 13:27:49.447 [info] > git config --get commit.template [15ms]
2023-04-01 13:27:49.448 [info] > git for-each-ref --format=%(refname)%00%(upstream:short)%00%(objectname)%00%(upstream:track)%00%(upstream:remotename)%00%(upstream:remoteref) refs/heads/master refs/remotes/master [3ms]
2023-04-01 13:27:49.466 [info] > git status -z -uall [2ms]
2023-04-01 13:28:44.778 [info] > git config --get commit.template [14ms]
2023-04-01 13:28:44.779 [info] > git for-each-ref --format=%(refname)%00%(upstream:short)%00%(objectname)%00%(upstream:track)%00%(upstream:remotename)%00%(upstream:remoteref) refs/heads/master refs/remotes/master [3ms]
2023-04-01 13:28:44.796 [info] > git status -z -uall [4ms]
2023-04-01 13:34:07.356 [info] > git config --get commit.template [12ms]
2023-04-01 13:34:07.358 [info] > git for-each-ref --format=%(refname)%00%(upstream:short)%00%(objectname)%00%(upstream:track)%00%(upstream:remotename)%00%(upstream:remoteref) refs/heads/master refs/remotes/master [2ms]
2023-04-01 13:34:07.371 [info] > git status -z -uall [3ms]
2023-04-01 13:43:36.494 [info] > git config --get commit.template [15ms]
2023-04-01 13:43:36.495 [info] > git for-each-ref --format=%(refname)%00%(upstream:short)%00%(objectname)%00%(upstream:track)%00%(upstream:remotename)%00%(upstream:remoteref) refs/heads/master refs/remotes/master [2ms]
2023-04-01 13:43:36.511 [info] > git status -z -uall [2ms]
2023-04-01 13:44:10.901 [info] > git show --textconv :src/components/StatBox.jsx [14ms]
2023-04-01 13:44:10.903 [info] > git ls-files --stage -- /home/hellsing/Development/react-dashboard/src/components/StatBox.jsx [3ms]
2023-04-01 13:44:10.919 [info] > git cat-file -s b2b0493b1274138f28c8b1068a3887636eaf7124 [2ms]
2023-04-01 13:45:46.160 [info] > git config --get commit.template [13ms]
2023-04-01 13:45:46.162 [info] > git for-each-ref --format=%(refname)%00%(upstream:short)%00%(objectname)%00%(upstream:track)%00%(upstream:remotename)%00%(upstream:remoteref) refs/heads/master refs/remotes/master [2ms]
2023-04-01 13:45:46.177 [info] > git status -z -uall [3ms]
2023-04-01 13:45:53.498 [info] > git config --get commit.template [11ms]
2023-04-01 13:45:53.499 [info] > git for-each-ref --format=%(refname)%00%(upstream:short)%00%(objectname)%00%(upstream:track)%00%(upstream:remotename)%00%(upstream:remoteref) refs/heads/master refs/remotes/master [2ms]
2023-04-01 13:45:53.511 [info] > git status -z -uall [3ms]
2023-04-01 13:46:06.711 [info] > git config --get commit.template [9ms]
2023-04-01 13:46:06.712 [info] > git for-each-ref --format=%(refname)%00%(upstream:short)%00%(objectname)%00%(upstream:track)%00%(upstream:remotename)%00%(upstream:remoteref) refs/heads/master refs/remotes/master [1ms]
2023-04-01 13:46:06.722 [info] > git status -z -uall [2ms]
2023-04-01 13:54:44.615 [info] > git config --get commit.template [17ms]
2023-04-01 13:54:44.616 [info] > git for-each-ref --format=%(refname)%00%(upstream:short)%00%(objectname)%00%(upstream:track)%00%(upstream:remotename)%00%(upstream:remoteref) refs/heads/master refs/remotes/master [3ms]
2023-04-01 13:54:44.636 [info] > git status -z -uall [3ms]
2023-04-01 14:12:07.400 [info] > git ls-files --stage -- /home/hellsing/Development/react-dashboard/src/scenes/dashboard/index.jsx [16ms]
2023-04-01 14:12:07.414 [info] > git ls-files --stage -- /home/hellsing/Development/react-dashboard/src/data/mockData.js [43ms]
2023-04-01 14:12:07.425 [info] > git ls-files --stage -- /home/hellsing/Development/react-dashboard/src/components/BarChart.jsx [69ms]
2023-04-01 14:12:07.438 [info] > git ls-files --stage -- /home/hellsing/Development/react-dashboard/src/scenes/global/Sidebar.jsx [95ms]
2023-04-01 14:12:07.451 [info] > git ls-files --stage -- /home/hellsing/Development/react-dashboard/src/scenes/bar/index.jsx [121ms]
2023-04-01 14:12:07.462 [info] > git ls-files --stage -- /home/hellsing/Development/react-dashboard/src/components/PieChart.jsx [147ms]
2023-04-01 14:12:07.476 [info] > git ls-files --stage -- /home/hellsing/Development/react-dashboard/README.md [173ms]
2023-04-01 14:12:07.490 [info] > git config --get commit.template [201ms]
2023-04-01 14:12:07.504 [info] > git cat-file -s 7bf0f915599dd4f93004cc76e37dd61f2c24855f [28ms]
2023-04-01 14:12:07.504 [info] > git cat-file -s ecf6014ae91907801c14438e90e48850fa0f2e40 [43ms]
2023-04-01 14:12:07.505 [info] > git cat-file -s 03f1e4d27be09dce3be40bd258297126bb51cdc3 [55ms]
2023-04-01 14:12:07.505 [info] > git cat-file -s 67250635bc763071241120d7dab028ffa0a0f6d9 [68ms]
2023-04-01 14:12:07.505 [info] > git cat-file -s 31303549af6e27f72a5e6f62c9567bc91e18244a [80ms]
2023-04-01 14:12:07.505 [info] > git cat-file -s b57e8f78b8c3131827934f81ff7c289aff6cd307 [92ms]
2023-04-01 14:12:07.505 [info] > git ls-files --stage -- /home/hellsing/Development/react-dashboard/src/components/StatBox.jsx [107ms]
2023-04-01 14:12:07.518 [info] > git for-each-ref --format=%(refname)%00%(upstream:short)%00%(objectname)%00%(upstream:track)%00%(upstream:remotename)%00%(upstream:remoteref) refs/heads/master refs/remotes/master [16ms]
2023-04-01 14:12:07.530 [info] > git cat-file -s 419c5808064366b2295b335096b971a326443e19 [41ms]
2023-04-01 14:12:07.609 [info] > git status -z -uall [79ms]
2023-04-01 14:12:07.609 [info] > git show --textconv :src/components/PieChart.jsx [65ms]
2023-04-01 14:12:07.609 [info] > git show --textconv :src/scenes/bar/index.jsx [52ms]
2023-04-01 14:12:07.609 [info] > git show --textconv :src/scenes/global/Sidebar.jsx [38ms]
2023-04-01 14:12:07.609 [info] > git show --textconv :src/components/BarChart.jsx [26ms]
2023-04-01 14:12:07.609 [info] > git show --textconv :src/data/mockData.js [13ms]
2023-04-01 14:12:07.609 [info] > git cat-file -s b2b0493b1274138f28c8b1068a3887636eaf7124 [92ms]
2023-04-01 14:12:07.636 [info] > git show --textconv :src/scenes/dashboard/index.jsx [27ms]
2023-04-01 14:12:07.636 [info] > git show --textconv :README.md [12ms]
2023-04-01 14:12:07.637 [info] > git show --textconv :src/components/StatBox.jsx [2ms]
2023-04-01 14:16:53.429 [info] > git config --get commit.template [14ms]
2023-04-01 14:16:53.430 [info] > git for-each-ref --format=%(refname)%00%(upstream:short)%00%(objectname)%00%(upstream:track)%00%(upstream:remotename)%00%(upstream:remoteref) refs/heads/master refs/remotes/master [1ms]
2023-04-01 14:16:53.444 [info] > git status -z -uall [2ms]
2023-04-01 14:20:53.191 [info] > git config --get commit.template [14ms]
2023-04-01 14:20:53.192 [info] > git for-each-ref --format=%(refname)%00%(upstream:short)%00%(objectname)%00%(upstream:track)%00%(upstream:remotename)%00%(upstream:remoteref) refs/heads/master refs/remotes/master [1ms]
2023-04-01 14:20:53.212 [info] > git status -z -uall [3ms]
2023-04-01 14:21:23.970 [info] > git config --get commit.template [15ms]
2023-04-01 14:21:23.971 [info] > git for-each-ref --format=%(refname)%00%(upstream:short)%00%(objectname)%00%(upstream:track)%00%(upstream:remotename)%00%(upstream:remoteref) refs/heads/master refs/remotes/master [2ms]
2023-04-01 14:21:23.986 [info] > git status -z -uall [2ms]
