2023-04-09 17:24:38.761 [info] Log level: Info
2023-04-09 17:24:38.761 [info] Validating found git in: "git"
2023-04-09 17:24:38.761 [info] Using git "2.40.0" from "git"
2023-04-09 17:24:38.761 [info] > git rev-parse --show-toplevel [17ms]
2023-04-09 17:24:38.761 [info] > git rev-parse --git-dir --git-common-dir [2ms]
2023-04-09 17:24:38.761 [info] Open repository: /home/hellsing/Development/react-dashboard
2023-04-09 17:24:38.762 [info] > git config --get commit.template [2ms]
2023-04-09 17:24:38.762 [info] > git rev-parse --show-toplevel [12ms]
2023-04-09 17:24:38.934 [info] > git rev-parse --show-toplevel [166ms]
2023-04-09 17:24:38.940 [info] > git rev-parse --show-toplevel [1ms]
2023-04-09 17:24:38.941 [info] > git for-each-ref --format=%(refname)%00%(upstream:short)%00%(objectname)%00%(upstream:track)%00%(upstream:remotename)%00%(upstream:remoteref) refs/heads/master refs/remotes/master [21ms]
2023-04-09 17:24:39.002 [info] > git status -z -uall [53ms]
2023-04-09 17:24:39.019 [info] > git config --get commit.template [6ms]
2023-04-09 17:24:39.020 [info] > git for-each-ref --format=%(refname)%00%(upstream:short)%00%(objectname)%00%(upstream:track)%00%(upstream:remotename)%00%(upstream:remoteref) refs/heads/master refs/remotes/master [2ms]
2023-04-09 17:24:39.027 [info] > git status -z -uall [2ms]
2023-04-09 17:24:39.285 [info] > git show --textconv :src/components/SuperBarChart.jsx [10ms]
2023-04-09 17:24:39.285 [info] > git check-ignore -v -z --stdin [1ms]
2023-04-09 17:24:39.286 [info] > git ls-files --stage -- /home/hellsing/Development/react-dashboard/src/components/SuperBarChart.jsx [7ms]
2023-04-09 17:24:39.293 [info] > git cat-file -s ce24a0797bd9866d384124f1b949697f7f89cfba [2ms]
2023-04-09 17:24:40.968 [info] > git check-ignore -v -z --stdin [2ms]
2023-04-09 17:24:51.782 [info] Log level: Info
2023-04-09 17:24:51.782 [info] Validating found git in: "git"
2023-04-09 17:24:51.782 [info] Using git "2.40.0" from "git"
2023-04-09 17:24:51.782 [info] > git rev-parse --show-toplevel [3ms]
2023-04-09 17:24:51.783 [info] > git rev-parse --git-dir --git-common-dir [1ms]
2023-04-09 17:24:51.791 [info] Open repository: /home/hellsing/Development/dotfiles
2023-04-09 17:24:51.808 [info] > git rev-parse --show-toplevel [10ms]
2023-04-09 17:24:51.809 [info] > git config --get commit.template [2ms]
2023-04-09 17:24:51.818 [info] > git for-each-ref --format=%(refname)%00%(upstream:short)%00%(objectname)%00%(upstream:track)%00%(upstream:remotename)%00%(upstream:remoteref) refs/heads/master refs/remotes/master [2ms]
2023-04-09 17:24:51.985 [info] > git status -z -uall [160ms]
2023-04-09 17:24:52.011 [info] > git config --get commit.template [7ms]
2023-04-09 17:24:52.014 [info] > git for-each-ref --format=%(refname)%00%(upstream:short)%00%(objectname)%00%(upstream:track)%00%(upstream:remotename)%00%(upstream:remoteref) refs/heads/master refs/remotes/master [4ms]
2023-04-09 17:24:52.202 [info] > git status -z -uall [180ms]
2023-04-09 17:24:52.318 [info] > git check-ignore -v -z --stdin [6ms]
2023-04-09 17:24:52.781 [info] > git show --textconv :README.md [7ms]
2023-04-09 17:24:52.781 [info] > git ls-files --stage -- /home/hellsing/Development/dotfiles/README.md [1ms]
2023-04-09 17:34:15.684 [info] > git config --get commit.template [2ms]
2023-04-09 17:34:15.697 [info] > git for-each-ref --format=%(refname)%00%(upstream:short)%00%(objectname)%00%(upstream:track)%00%(upstream:remotename)%00%(upstream:remoteref) refs/heads/master refs/remotes/master [2ms]
2023-04-09 17:34:15.898 [info] > git status -z -uall [192ms]
2023-04-09 17:35:26.318 [info] > git check-ignore -v -z --stdin [2ms]
2023-04-09 17:35:57.562 [info] > git config --get commit.template [9ms]
2023-04-09 17:35:57.563 [info] > git for-each-ref --format=%(refname)%00%(upstream:short)%00%(objectname)%00%(upstream:track)%00%(upstream:remotename)%00%(upstream:remoteref) refs/heads/master refs/remotes/master [2ms]
2023-04-09 17:35:57.749 [info] > git status -z -uall [178ms]
2023-04-09 17:36:07.751 [info] > git check-ignore -v -z --stdin [2ms]
